[2026-02-17T06:45:16.511Z] [worker] start requested (label=crateyard-image-to-3d-prod)
[2026-02-17T06:45:17.062Z] [worker] startup image selection: primary=kngsly/trellis2-worker:sha-89cc231 fallback_list=kngsly/trellis2-worker:latest-stable-working forced=0 fallback_index=n/a selected=kngsly/trellis2-worker:sha-89cc231 max_rent_logging=1
[2026-02-17T06:46:07.874Z] [rent.py] Offer filter debug: reliability >= 0.990: 50 -> 40
[2026-02-17T06:46:07.874Z] [rent.py] Offer filter debug: fetched=50, deduped=50
[2026-02-17T06:46:07.874Z] [rent.py] Offer filter debug: top candidates after filtering:
[2026-02-17T06:46:07.874Z] [rent.py] Offer filter debug: disk >= 80.0GB: 50 -> 50
[2026-02-17T06:46:07.874Z] [rent.py] Offer filter debug: inet_down >= 100.0: 40 -> 40
[2026-02-17T06:46:07.874Z] [rent.py] Using Docker image: kngsly/trellis2-worker:sha-89cc231 (source: --image)
[2026-02-17T06:46:07.874Z] [rent.py] Offer filter debug: cpu_name contains any of ['epyc']: 8 -> 7
[2026-02-17T06:46:07.874Z] [rent.py] Offer filter debug: price <= 0.990/hr: 50 -> 50
[2026-02-17T06:46:07.874Z] [rent.py] No existing instance found for label 'crateyard-image-to-3d-prod'; creating a new one...
[2026-02-17T06:46:07.874Z] [rent.py] Offer filter debug: num_gpus <= 1: 21 -> 21
[2026-02-17T06:46:07.875Z] [rent.py] Creating instance...
[2026-02-17T06:46:07.874Z] [rent.py] Offer filter debug: ram >= 63.0GB: 40 -> 21
[2026-02-17T06:46:07.874Z] [rent.py] Offer filter debug: direct_port_count >= 1: 40 -> 40
[2026-02-17T06:46:07.875Z] [rent.py] Host ranking: by score (reliability, price); 6 blocked at end
[2026-02-17T06:46:07.874Z] [rent.py] Offer filter debug: cpu_cores >= 32.0: 21 -> 21
[2026-02-17T06:46:07.874Z] [rent.py] Offer filter debug: inet_up >= 20.0: 40 -> 40
[2026-02-17T06:46:07.875Z] [rent.py] [selection] demoting slow host
[2026-02-17T06:46:07.875Z] [rent.py] ================================================================================
[2026-02-17T06:46:07.875Z] [rent.py]   5. ask_id=27242187, host_id=317885, price=$0.401/hr, cpu=AMD EPYC 7502 32-Core Processor (64c/32t), ram=126GB
[2026-02-17T06:46:07.875Z] [rent.py]   4. ask_id=31258965, host_id=81036, price=$0.371/hr, cpu=AMD EPYC 7763 64-Core Processor (128c/32t), ram=126GB
[2026-02-17T06:46:07.875Z] [rent.py] Instance created: 31545794
[2026-02-17T06:46:07.875Z] [rent.py] Performance stats: 12 machine profile(s) loaded (slow startup threshold: 360s).
[2026-02-17T06:46:07.875Z] [rent.py]   3. ask_id=13651733, host_id=87485, price=$0.362/hr, cpu=AMD EPYC 7543 32-Core Processor (128c/32t), ram=501GB
[2026-02-17T06:46:07.875Z] [rent.py] [selection] host=85684 score=50 avg_startup=— success_rate=0.00 runs=0
[2026-02-17T06:46:07.875Z] [rent.py] Runtime preference: using 11 previously-successful public IP profile(s).
[2026-02-17T06:46:07.874Z] [rent.py]   2. ask_id=31478121, host_id=78459, price=$0.349/hr, cpu=AMD EPYC 7C13 64-Core Processor (128c/16t), ram=124GB
[2026-02-17T06:46:07.875Z] [rent.py] Trying offer 1/3: ask_id=13430351, host_id=85684, price=$0.308/hr, disk=1424GB, ram=126GB, cpu_threads=64, driver=580.126.09, inet=784/674 Mb/s, direct_ports=249
[2026-02-17T06:46:07.875Z] [rent.py] CPU preference: using 8 successful profile(s): AMD EPYC 7702 64-Core Processor, AMD EPYC 9V74 80-Core Processor, AMD EPYC 7C13 64-Core Processor, ...
[2026-02-17T06:46:07.874Z] [rent.py]   1. ask_id=13430351, host_id=85684, price=$0.308/hr, cpu=AMD EPYC 7Y83 64-Core Processor (256c/64t), ram=126GB
[2026-02-17T06:46:07.875Z] [rent.py] CPU ranking: 1 exact, 6 similar, 0 fallback
[2026-02-17T06:46:07.875Z] [rent.py] CUDA compatibility: filtering for driver 580-589 (CUDA 13.0)
[2026-02-17T06:46:07.874Z] [rent.py] Offer filter debug: driver 580-589 (CUDA 13.0): 21 -> 8
[2026-02-17T06:46:07.875Z] [rent.py] Waiting for container to start (instance #31545794)
[2026-02-17T06:46:07.875Z] [rent.py] [5s] Waiting for port mapping (service port 8000)
[2026-02-17T06:46:07.875Z] [rent.py] {"ts": "2026-02-17T06:45:34.769469+00:00", "seq": 0, "poll": 3, "url": "http://217.171.200.22/ready", "ready": false, "waiting": "16s", "timeout": "3600s", "remaining": "3583s", "phase": "starting_container", "status": "loading", "provider_status": "", "message": "no mapped port for 8000; provider=", "runtime": "cpu=0.0% disk=-1/80GB", "runtime_stats": {"cpu_util_pct": 0.0, "vram_total_gb": 23.99, "disk_used_gb": -1.0, "disk_total_gb": 80.0, "disk_util_pct": 0.0, "uptime_sec": 49942179, "cpu_name": "AMD EPYC 7Y83 64-Core Processor", "gpu_name": "RTX 4090"}, "contract_id": 31545794}
[2026-02-17T06:46:07.875Z] [rent.py] {"ts": "2026-02-17T06:45:40.458673+00:00", "seq": 0, "poll": 4, "url": "http://217.171.200.22/ready", "ready": false, "waiting": "21s", "timeout": "3600s", "remaining": "3578s", "phase": "starting_container", "status": "loading", "provider_status": "", "message": "no mapped port for 8000; provider=", "runtime": "cpu=0.0% disk=-1/80GB", "runtime_stats": {"cpu_util_pct": 0.0, "vram_total_gb": 23.99, "disk_used_gb": -1.0, "disk_total_gb": 80.0, "disk_util_pct": 0.0, "uptime_sec": 49942173, "cpu_name": "AMD EPYC 7Y83 64-Core Processor", "gpu_name": "RTX 4090"}, "contract_id": 31545794}
[2026-02-17T06:46:07.875Z] [rent.py] Client ready probe log: /home/ubuntu/crateyard/services/vast-ai/rent_py_modules/smoke_outputs/instance_31545794_ready_probe.jsonl
[2026-02-17T06:46:07.875Z] [rent.py] {"ts": "2026-02-17T06:45:29.287718+00:00", "seq": 0, "poll": 2, "url": "http://217.171.200.22/ready", "ready": false, "waiting": "10s", "timeout": "3600s", "remaining": "3589s", "phase": "starting_container", "status": "loading", "provider_status": "", "message": "no mapped port for 8000; provider=", "runtime": "cpu=0.0% disk=-1/80GB", "runtime_stats": {"cpu_util_pct": 0.0, "vram_total_gb": 23.99, "disk_used_gb": -1.0, "disk_total_gb": 80.0, "disk_util_pct": 0.0, "uptime_sec": 49942185, "cpu_name": "AMD EPYC 7Y83 64-Core Processor", "gpu_name": "RTX 4090"}, "contract_id": 31545794}
[2026-02-17T06:46:07.876Z] [rent.py] {"ts": "2026-02-17T06:46:02.400092+00:00", "seq": 0, "poll": 8, "url": "http://217.171.200.22/ready", "ready": false, "waiting": "43s", "timeout": "3600s", "remaining": "3556s", "phase": "starting_container", "status": "loading", "provider_status": "eb86f2fdad9d: Download complete", "message": "no mapped port for 8000; provider=eb86f2fdad9d: Download complete", "runtime": "cpu=0.0% disk=-1/80GB", "runtime_stats": {"cpu_util_pct": 0.0, "vram_total_gb": 23.99, "disk_used_gb": -1.0, "disk_total_gb": 80.0, "disk_util_pct": 0.0, "uptime_sec": 49942152, "cpu_name": "AMD EPYC 7Y83 64-Core Processor", "gpu_name": "RTX 4090"}, "contract_id": 31545794}
[2026-02-17T06:46:07.875Z] [rent.py] Ready check mode: ready
[2026-02-17T06:46:07.875Z] [rent.py] [10s] Container state changed: unknown → loading
[2026-02-17T06:46:07.876Z] [rent.py] {"ts": "2026-02-17T06:45:51.508030+00:00", "seq": 0, "poll": 6, "url": "http://217.171.200.22/ready", "ready": false, "waiting": "33s", "timeout": "3600s", "remaining": "3566s", "phase": "downloading_image", "status": "loading", "provider_status": "sha-89cc231: Pulling from kngsly/trellis2-worker", "message": "no mapped port for 8000; provider=sha-89cc231: Pulling from kngsly/trellis2-worker", "runtime": "cpu=0.0% disk=-1/80GB", "runtime_stats": {"cpu_util_pct": 0.0, "vram_total_gb": 23.99, "disk_used_gb": -1.0, "disk_total_gb": 80.0, "disk_util_pct": 0.0, "uptime_sec": 49942162, "cpu_name": "AMD EPYC 7Y83 64-Core Processor", "gpu_name": "RTX 4090"}, "contract_id": 31545794}
[2026-02-17T06:46:07.875Z] [rent.py] {"ts": "2026-02-17T06:45:45.985854+00:00", "seq": 0, "poll": 5, "url": "http://217.171.200.22/ready", "ready": false, "waiting": "27s", "timeout": "3600s", "remaining": "3572s", "phase": "downloading_image", "status": "loading", "provider_status": "sha-89cc231: Pulling from kngsly/trellis2-worker", "message": "no mapped port for 8000; provider=sha-89cc231: Pulling from kngsly/trellis2-worker", "runtime": "cpu=0.0% disk=-1/80GB", "runtime_stats": {"cpu_util_pct": 0.0, "vram_total_gb": 23.99, "disk_used_gb": -1.0, "disk_total_gb": 80.0, "disk_util_pct": 0.0, "uptime_sec": 49942168, "cpu_name": "AMD EPYC 7Y83 64-Core Processor", "gpu_name": "RTX 4090"}, "contract_id": 31545794}
[2026-02-17T06:46:07.876Z] [rent.py] {"ts": "2026-02-17T06:45:56.909672+00:00", "seq": 0, "poll": 7, "url": "http://217.171.200.22/ready", "ready": false, "waiting": "38s", "timeout": "3600s", "remaining": "3561s", "phase": "starting_container", "status": "loading", "provider_status": "eb86f2fdad9d: Download complete", "message": "no mapped port for 8000; provider=eb86f2fdad9d: Download complete", "runtime": "cpu=0.0% disk=-1/80GB", "runtime_stats": {"cpu_util_pct": 0.0, "vram_total_gb": 23.99, "disk_used_gb": -1.0, "disk_total_gb": 80.0, "disk_util_pct": 0.0, "uptime_sec": 49942157, "cpu_name": "AMD EPYC 7Y83 64-Core Processor", "gpu_name": "RTX 4090"}, "contract_id": 31545794}
[2026-02-17T06:46:07.875Z] [rent.py] ================================================================================
[2026-02-17T06:46:07.875Z] [rent.py] Startup timeout: 3600s (soft), 300s (hard)
[2026-02-17T06:46:07.875Z] [rent.py] Service port: 8000
[2026-02-17T06:46:07.875Z] [rent.py] {"ts": "2026-02-17T06:45:23.769144+00:00", "seq": 0, "poll": 1, "url": "http://217.171.200.22/ready", "ready": false, "waiting": "5s", "timeout": "3600s", "remaining": "3594s", "phase": "starting_container", "status": "unknown", "provider_status": "", "message": "no mapped port for 8000; provider=", "runtime": "cpu=0.0% disk=-1/80GB", "runtime_stats": {"cpu_util_pct": 0.0, "vram_total_gb": 23.99, "disk_used_gb": -1.0, "disk_total_gb": 80.0, "disk_util_pct": 0.0, "uptime_sec": 49942190, "cpu_name": "AMD EPYC 7Y83 64-Core Processor", "gpu_name": "RTX 4090"}, "contract_id": 31545794}
[2026-02-17T06:47:18.713Z] [rent.py] {"ts": "2026-02-17T06:46:07.873786+00:00", "seq": 0, "poll": 9, "url": "http://217.171.200.22/ready", "ready": false, "waiting": "49s", "timeout": "3600s", "remaining": "3550s", "phase": "starting_container", "status": "loading", "provider_status": "cb45dc606cec: Download complete", "message": "no mapped port for 8000; provider=cb45dc606cec: Download complete", "runtime": "cpu=0.0% disk=-1/80GB", "runtime_stats": {"cpu_util_pct": 0.0, "vram_total_gb": 23.99, "disk_used_gb": -1.0, "disk_total_gb": 80.0, "disk_util_pct": 0.0, "uptime_sec": 49942146, "cpu_name": "AMD EPYC 7Y83 64-Core Processor", "gpu_name": "RTX 4090"}, "contract_id": 31545794}
[2026-02-17T06:47:18.713Z] [rent.py] {"ts": "2026-02-17T06:46:29.756078+00:00", "seq": 0, "poll": 13, "url": "http://217.171.200.22/ready", "ready": false, "waiting": "71s", "timeout": "3600s", "remaining": "3528s", "phase": "starting_container", "status": "loading", "provider_status": "d8a5c7b2b89a: Download complete", "message": "no mapped port for 8000; provider=d8a5c7b2b89a: Download complete", "runtime": "cpu=0.0% disk=-1/80GB", "runtime_stats": {"cpu_util_pct": 0.0, "vram_total_gb": 23.99, "disk_used_gb": -1.0, "disk_total_gb": 80.0, "disk_util_pct": 0.0, "uptime_sec": 49942124, "cpu_name": "AMD EPYC 7Y83 64-Core Processor", "gpu_name": "RTX 4090"}, "contract_id": 31545794}
[2026-02-17T06:47:18.713Z] [rent.py] [60s] Monitoring progress: poll #11, 3539s remaining
[2026-02-17T06:47:18.713Z] [rent.py] {"ts": "2026-02-17T06:46:13.458438+00:00", "seq": 0, "poll": 10, "url": "http://217.171.200.22/ready", "ready": false, "waiting": "54s", "timeout": "3600s", "remaining": "3545s", "phase": "starting_container", "status": "loading", "provider_status": "2f566975607a: Download complete", "message": "no mapped port for 8000; provider=2f566975607a: Download complete", "runtime": "cpu=0.0% disk=-1/80GB", "runtime_stats": {"cpu_util_pct": 0.0, "vram_total_gb": 23.99, "disk_used_gb": -1.0, "disk_total_gb": 80.0, "disk_util_pct": 0.0, "uptime_sec": 49942141, "cpu_name": "AMD EPYC 7Y83 64-Core Processor", "gpu_name": "RTX 4090"}, "contract_id": 31545794}
[2026-02-17T06:47:18.713Z] [rent.py] {"ts": "2026-02-17T06:46:35.151597+00:00", "seq": 0, "poll": 14, "url": "http://217.171.200.22/ready", "ready": false, "waiting": "76s", "timeout": "3600s", "remaining": "3523s", "phase": "starting_container", "status": "loading", "provider_status": "bb10cd865f94: Download complete", "message": "no mapped port for 8000; provider=bb10cd865f94: Download complete", "runtime": "cpu=0.0% disk=-1/80GB", "runtime_stats": {"cpu_util_pct": 0.0, "vram_total_gb": 23.99, "disk_used_gb": -1.0, "disk_total_gb": 80.0, "disk_util_pct": 0.0, "uptime_sec": 49942119, "cpu_name": "AMD EPYC 7Y83 64-Core Processor", "gpu_name": "RTX 4090"}, "contract_id": 31545794}
[2026-02-17T06:47:18.713Z] [rent.py] {"ts": "2026-02-17T06:46:18.926169+00:00", "seq": 0, "poll": 11, "url": "http://217.171.200.22/ready", "ready": false, "waiting": "60s", "timeout": "3600s", "remaining": "3539s", "phase": "starting_container", "status": "loading", "provider_status": "2f566975607a: Download complete", "message": "no mapped port for 8000; provider=2f566975607a: Download complete", "runtime": "cpu=0.0% disk=-1/80GB", "runtime_stats": {"cpu_util_pct": 0.0, "vram_total_gb": 23.99, "disk_used_gb": -1.0, "disk_total_gb": 80.0, "disk_util_pct": 0.0, "uptime_sec": 49942135, "cpu_name": "AMD EPYC 7Y83 64-Core Processor", "gpu_name": "RTX 4090"}, "contract_id": 31545794}
[2026-02-17T06:47:18.713Z] [rent.py] {"ts": "2026-02-17T06:46:24.335468+00:00", "seq": 0, "poll": 12, "url": "http://217.171.200.22/ready", "ready": false, "waiting": "65s", "timeout": "3600s", "remaining": "3534s", "phase": "starting_container", "status": "loading", "provider_status": "5b66a1ca0561: Download complete", "message": "no mapped port for 8000; provider=5b66a1ca0561: Download complete", "runtime": "cpu=0.0% disk=-1/80GB", "runtime_stats": {"cpu_util_pct": 0.0, "vram_total_gb": 23.99, "disk_used_gb": -1.0, "disk_total_gb": 80.0, "disk_util_pct": 0.0, "uptime_sec": 49942130, "cpu_name": "AMD EPYC 7Y83 64-Core Processor", "gpu_name": "RTX 4090"}, "contract_id": 31545794}
[2026-02-17T06:47:18.713Z] [rent.py] {"ts": "2026-02-17T06:46:40.856585+00:00", "seq": 0, "poll": 15, "url": "http://217.171.200.22/ready", "ready": false, "waiting": "82s", "timeout": "3600s", "remaining": "3517s", "phase": "starting_container", "status": "loading", "provider_status": "39c3ec032da1: Download complete", "message": "no mapped port for 8000; provider=39c3ec032da1: Download complete", "runtime": "cpu=0.0% disk=-1/80GB", "runtime_stats": {"cpu_util_pct": 0.0, "vram_total_gb": 23.99, "disk_used_gb": -1.0, "disk_total_gb": 80.0, "disk_util_pct": 0.0, "uptime_sec": 49942113, "cpu_name": "AMD EPYC 7Y83 64-Core Processor", "gpu_name": "RTX 4090"}, "contract_id": 31545794}
[2026-02-17T06:47:18.713Z] [rent.py] {"ts": "2026-02-17T06:46:57.057615+00:00", "seq": 0, "poll": 18, "url": "http://217.171.200.22/ready", "ready": false, "waiting": "98s", "timeout": "3600s", "remaining": "3501s", "phase": "starting_container", "status": "loading", "provider_status": "ff825d1acd4a: Verifying Checksum", "message": "no mapped port for 8000; provider=ff825d1acd4a: Verifying Checksum", "runtime": "cpu=0.0% disk=-1/80GB", "runtime_stats": {"cpu_util_pct": 0.0, "vram_total_gb": 23.99, "disk_used_gb": -1.0, "disk_total_gb": 80.0, "disk_util_pct": 0.0, "uptime_sec": 49942097, "cpu_name": "AMD EPYC 7Y83 64-Core Processor", "gpu_name": "RTX 4090"}, "contract_id": 31545794}
[2026-02-17T06:47:18.713Z] [rent.py] {"ts": "2026-02-17T06:46:51.647366+00:00", "seq": 0, "poll": 17, "url": "http://217.171.200.22/ready", "ready": false, "waiting": "93s", "timeout": "3600s", "remaining": "3506s", "phase": "starting_container", "status": "loading", "provider_status": "ff825d1acd4a: Verifying Checksum", "message": "no mapped port for 8000; provider=ff825d1acd4a: Verifying Checksum", "runtime": "cpu=0.0% disk=-1/80GB", "runtime_stats": {"cpu_util_pct": 0.0, "vram_total_gb": 23.99, "disk_used_gb": -1.0, "disk_total_gb": 80.0, "disk_util_pct": 0.0, "uptime_sec": 49942102, "cpu_name": "AMD EPYC 7Y83 64-Core Processor", "gpu_name": "RTX 4090"}, "contract_id": 31545794}
[2026-02-17T06:47:18.713Z] [rent.py] {"ts": "2026-02-17T06:46:46.249761+00:00", "seq": 0, "poll": 16, "url": "http://217.171.200.22/ready", "ready": false, "waiting": "87s", "timeout": "3600s", "remaining": "3512s", "phase": "starting_container", "status": "loading", "provider_status": "ff825d1acd4a: Verifying Checksum", "message": "no mapped port for 8000; provider=ff825d1acd4a: Verifying Checksum", "runtime": "cpu=0.0% disk=-1/80GB", "runtime_stats": {"cpu_util_pct": 0.0, "vram_total_gb": 23.99, "disk_used_gb": -1.0, "disk_total_gb": 80.0, "disk_util_pct": 0.0, "uptime_sec": 49942108, "cpu_name": "AMD EPYC 7Y83 64-Core Processor", "gpu_name": "RTX 4090"}, "contract_id": 31545794}
[2026-02-17T06:47:18.713Z] [rent.py] {"ts": "2026-02-17T06:47:02.482161+00:00", "seq": 0, "poll": 19, "url": "http://217.171.200.22/ready", "ready": false, "waiting": "103s", "timeout": "3600s", "remaining": "3496s", "phase": "starting_container", "status": "loading", "provider_status": "cb45dc606cec: Pull complete", "message": "no mapped port for 8000; provider=cb45dc606cec: Pull complete", "runtime": "cpu=0.0% disk=-1/80GB", "runtime_stats": {"cpu_util_pct": 0.0, "vram_total_gb": 23.99, "disk_used_gb": -1.0, "disk_total_gb": 80.0, "disk_util_pct": 0.0, "uptime_sec": 49942091, "cpu_name": "AMD EPYC 7Y83 64-Core Processor", "gpu_name": "RTX 4090"}, "contract_id": 31545794}
[2026-02-17T06:47:18.713Z] [rent.py] {"ts": "2026-02-17T06:47:07.910838+00:00", "seq": 0, "poll": 20, "url": "http://217.171.200.22/ready", "ready": false, "waiting": "109s", "timeout": "3600s", "remaining": "3490s", "phase": "starting_container", "status": "loading", "provider_status": "358c25fa90b8: Pull complete", "message": "no mapped port for 8000; provider=358c25fa90b8: Pull complete", "runtime": "cpu=0.0% disk=-1/80GB", "runtime_stats": {"cpu_util_pct": 0.0, "vram_total_gb": 23.99, "disk_used_gb": -1.0, "disk_total_gb": 80.0, "disk_util_pct": 0.0, "uptime_sec": 49942086, "cpu_name": "AMD EPYC 7Y83 64-Core Processor", "gpu_name": "RTX 4090"}, "contract_id": 31545794}
[2026-02-17T06:47:18.713Z] [rent.py] {"ts": "2026-02-17T06:47:13.319027+00:00", "seq": 0, "poll": 21, "url": "http://217.171.200.22/ready", "ready": false, "waiting": "114s", "timeout": "3600s", "remaining": "3485s", "phase": "starting_container", "status": "loading", "provider_status": "726313a2b005: Download complete", "message": "no mapped port for 8000; provider=726313a2b005: Download complete", "runtime": "cpu=0.0% disk=-1/80GB", "runtime_stats": {"cpu_util_pct": 0.0, "vram_total_gb": 23.99, "disk_used_gb": -1.0, "disk_total_gb": 80.0, "disk_util_pct": 0.0, "uptime_sec": 49942081, "cpu_name": "AMD EPYC 7Y83 64-Core Processor", "gpu_name": "RTX 4090"}, "contract_id": 31545794}
[2026-02-17T06:47:18.713Z] [rent.py] [120s] Monitoring progress: poll #22, 3479s remaining
[2026-02-17T06:48:09.814Z] [rent.py] {"ts": "2026-02-17T06:47:18.712689+00:00", "seq": 0, "poll": 22, "url": "http://217.171.200.22/ready", "ready": false, "waiting": "120s", "timeout": "3600s", "remaining": "3479s", "phase": "starting_container", "status": "loading", "provider_status": "726313a2b005: Download complete", "message": "no mapped port for 8000; provider=726313a2b005: Download complete", "runtime": "cpu=0.0% disk=-1/80GB", "runtime_stats": {"cpu_util_pct": 0.0, "vram_total_gb": 23.99, "disk_used_gb": -1.0, "disk_total_gb": 80.0, "disk_util_pct": 0.0, "uptime_sec": 49942075, "cpu_name": "AMD EPYC 7Y83 64-Core Processor", "gpu_name": "RTX 4090"}, "contract_id": 31545794}
[2026-02-17T06:48:09.814Z] [rent.py] [147s] Container state changed: loading → running
[2026-02-17T06:48:09.814Z] [rent.py] [147s] Port mapping detected: 217.171.200.22:53921
[2026-02-17T06:48:09.814Z] [rent.py] {"ts": "2026-02-17T06:47:35.003506+00:00", "seq": 0, "poll": 25, "url": "http://217.171.200.22/ready", "ready": false, "waiting": "136s", "timeout": "3600s", "remaining": "3463s", "phase": "starting_container", "status": "loading", "provider_status": "5c6290ac27ae: Pull complete", "message": "no mapped port for 8000; provider=5c6290ac27ae: Pull complete", "runtime": "cpu=0.0% disk=-1/80GB", "runtime_stats": {"cpu_util_pct": 0.0, "vram_total_gb": 23.99, "disk_used_gb": -1.0, "disk_total_gb": 80.0, "disk_util_pct": 0.0, "uptime_sec": 49942059, "cpu_name": "AMD EPYC 7Y83 64-Core Processor", "gpu_name": "RTX 4090"}, "contract_id": 31545794}
[2026-02-17T06:48:09.814Z] [rent.py] {"ts": "2026-02-17T06:47:24.192887+00:00", "seq": 0, "poll": 23, "url": "http://217.171.200.22/ready", "ready": false, "waiting": "125s", "timeout": "3600s", "remaining": "3474s", "phase": "starting_container", "status": "loading", "provider_status": "726313a2b005: Download complete", "message": "no mapped port for 8000; provider=726313a2b005: Download complete", "runtime": "cpu=0.0% disk=-1/80GB", "runtime_stats": {"cpu_util_pct": 0.0, "vram_total_gb": 23.99, "disk_used_gb": -1.0, "disk_total_gb": 80.0, "disk_util_pct": 0.0, "uptime_sec": 49942070, "cpu_name": "AMD EPYC 7Y83 64-Core Processor", "gpu_name": "RTX 4090"}, "contract_id": 31545794}
[2026-02-17T06:48:09.815Z] [rent.py] {"ts": "2026-02-17T06:48:03.922837+00:00", "seq": 4, "poll": 30, "url": "http://217.171.200.22:53921/ready", "ready": false, "waiting": "165s", "timeout": "3600s", "remaining": "3434s", "phase": "waiting_ready", "status": "running", "provider_status": "success, running kngsly/trellis2-worker:sha-89cc231", "message": "probe_http=200 ready=false status='downloading_model' detail='downloading/loading model weights' started_at=1771310859.622 preload_elapsed=23.3s state_unchanged=17.2s same_state_polls=3 ready_probe_attempt=4", "runtime": "cpu=24.4% gpu=0.0% ram=0.8/253.6GB vram=0.5/24.0GB disk=0/80GB", "runtime_stats": {"cpu_util_pct": 24.4, "gpu_util_pct": 0.0, "ram_used_gb": 0.8, "ram_total_gb": 253.55, "ram_util_pct": 0.3, "vram_used_gb": 0.47, "vram_total_gb": 23.99, "vram_util_pct": 2.0, "disk_used_gb": 0.14, "disk_total_gb": 80.0, "disk_util_pct": 14.4, "uptime_sec": 49942030, "cpu_name": "AMD EPYC 7Y83 64-Core Processor", "gpu_name": "RTX 4090"}, "ready_status": "downloading_model", "ready_detail": "downloading/loading model weights", "preload_elapsed": "23.3s", "state_unchanged": "17.2s", "same_state_polls": 3, "ready_probe_attempt": 4, "contract_id": 31545794}
[2026-02-17T06:48:09.814Z] [rent.py] {"ts": "2026-02-17T06:47:40.416280+00:00", "seq": 0, "poll": 26, "url": "http://217.171.200.22/ready", "ready": false, "waiting": "141s", "timeout": "3600s", "remaining": "3458s", "phase": "starting_container", "status": "loading", "provider_status": "Successfully loaded kngsly/trellis2-worker:sha-89cc231", "message": "no mapped port for 8000; provider=Successfully loaded kngsly/trellis2-worker:sha-89cc231", "runtime": "cpu=0.0% disk=-1/80GB", "runtime_stats": {"cpu_util_pct": 0.0, "vram_total_gb": 23.99, "disk_used_gb": -1.0, "disk_total_gb": 80.0, "disk_util_pct": 0.0, "uptime_sec": 49942054, "cpu_name": "AMD EPYC 7Y83 64-Core Processor", "gpu_name": "RTX 4090"}, "contract_id": 31545794}
[2026-02-17T06:48:09.814Z] [rent.py] [147s] Worker responded: status='downloading_model' detail='downloading/loading model weights'
[2026-02-17T06:48:09.815Z] [rent.py] {"ts": "2026-02-17T06:47:57.492264+00:00", "seq": 3, "poll": 29, "url": "http://217.171.200.22:53921/ready", "ready": false, "waiting": "158s", "timeout": "3600s", "remaining": "3441s", "phase": "waiting_ready", "status": "running", "provider_status": "success, running kngsly/trellis2-worker:sha-89cc231", "message": "probe_http=200 ready=false status='downloading_model' detail='downloading/loading model weights' started_at=1771310859.622 preload_elapsed=17.5s state_unchanged=11.4s same_state_polls=2 ready_probe_attempt=3", "runtime": "cpu=24.4% gpu=0.0% ram=0.8/253.6GB vram=0.5/24.0GB disk=0/80GB", "runtime_stats": {"cpu_util_pct": 24.4, "gpu_util_pct": 0.0, "ram_used_gb": 0.8, "ram_total_gb": 253.55, "ram_util_pct": 0.3, "vram_used_gb": 0.47, "vram_total_gb": 23.99, "vram_util_pct": 2.0, "disk_used_gb": 0.14, "disk_total_gb": 80.0, "disk_util_pct": 14.4, "uptime_sec": 49942037, "cpu_name": "AMD EPYC 7Y83 64-Core Processor", "gpu_name": "RTX 4090"}, "ready_status": "downloading_model", "ready_detail": "downloading/loading model weights", "preload_elapsed": "17.5s", "state_unchanged": "11.4s", "same_state_polls": 2, "ready_probe_attempt": 3, "contract_id": 31545794}
[2026-02-17T06:48:09.814Z] [rent.py] {"ts": "2026-02-17T06:47:29.612622+00:00", "seq": 0, "poll": 24, "url": "http://217.171.200.22/ready", "ready": false, "waiting": "131s", "timeout": "3600s", "remaining": "3468s", "phase": "starting_container", "status": "loading", "provider_status": "726313a2b005: Download complete", "message": "no mapped port for 8000; provider=726313a2b005: Download complete", "runtime": "cpu=0.0% disk=-1/80GB", "runtime_stats": {"cpu_util_pct": 0.0, "vram_total_gb": 23.99, "disk_used_gb": -1.0, "disk_total_gb": 80.0, "disk_util_pct": 0.0, "uptime_sec": 49942064, "cpu_name": "AMD EPYC 7Y83 64-Core Processor", "gpu_name": "RTX 4090"}, "contract_id": 31545794}
[2026-02-17T06:48:09.815Z] [rent.py] {"ts": "2026-02-17T06:47:51.803661+00:00", "seq": 2, "poll": 28, "url": "http://217.171.200.22:53921/ready", "ready": false, "waiting": "153s", "timeout": "3600s", "remaining": "3446s", "phase": "waiting_ready", "status": "running", "provider_status": "success, running kngsly/trellis2-worker:sha-89cc231", "message": "probe_http=200 ready=false status='downloading_model' detail='downloading/loading model weights' started_at=1771310859.622 preload_elapsed=11.8s state_unchanged=5.7s same_state_polls=1 ready_probe_attempt=2", "runtime": "cpu=0.0% disk=-1/80GB", "runtime_stats": {"cpu_util_pct": 0.0, "vram_total_gb": 23.99, "disk_used_gb": -1.0, "disk_total_gb": 80.0, "disk_util_pct": 0.0, "uptime_sec": 49942042, "cpu_name": "AMD EPYC 7Y83 64-Core Processor", "gpu_name": "RTX 4090"}, "ready_status": "downloading_model", "ready_detail": "downloading/loading model weights", "preload_elapsed": "11.8s", "state_unchanged": "5.7s", "same_state_polls": 1, "ready_probe_attempt": 2, "contract_id": 31545794}
[2026-02-17T06:48:09.814Z] [rent.py] {"ts": "2026-02-17T06:47:46.087461+00:00", "seq": 1, "poll": 27, "url": "http://217.171.200.22:53921/ready", "ready": false, "waiting": "147s", "timeout": "3600s", "remaining": "3452s", "phase": "waiting_ready", "status": "running", "provider_status": "success, running kngsly/trellis2-worker:sha-89cc231", "message": "probe_http=200 ready=false status='downloading_model' detail='downloading/loading model weights' started_at=1771310859.622 preload_elapsed=6.1s state_unchanged=0.0s same_state_polls=0 ready_probe_attempt=1", "runtime": "cpu=0.0% disk=-1/80GB", "runtime_stats": {"cpu_util_pct": 0.0, "vram_total_gb": 23.99, "disk_used_gb": -1.0, "disk_total_gb": 80.0, "disk_util_pct": 0.0, "uptime_sec": 49942048, "cpu_name": "AMD EPYC 7Y83 64-Core Processor", "gpu_name": "RTX 4090"}, "ready_status": "downloading_model", "ready_detail": "downloading/loading model weights", "preload_elapsed": "6.1s", "state_unchanged": "0.0s", "ready_probe_attempt": 1, "contract_id": 31545794}
[2026-02-17T06:48:50.877Z] [rent.py] {"ts": "2026-02-17T06:48:26.934576+00:00", "seq": 8, "poll": 34, "url": "http://217.171.200.22:53921/ready", "ready": false, "waiting": "188s", "timeout": "3600s", "remaining": "3411s", "phase": "waiting_ready", "status": "running", "provider_status": "success, running kngsly/trellis2-worker:sha-89cc231", "message": "probe_http=200 ready=false status='downloading_model' detail='downloading/loading model weights' started_at=1771310859.622 preload_elapsed=46.8s state_unchanged=40.7s same_state_polls=7 ready_probe_attempt=8", "runtime": "cpu=24.4% gpu=0.0% ram=0.8/253.6GB vram=0.5/24.0GB disk=0/80GB", "runtime_stats": {"cpu_util_pct": 24.4, "gpu_util_pct": 0.0, "ram_used_gb": 0.8, "ram_total_gb": 253.55, "ram_util_pct": 0.3, "vram_used_gb": 0.47, "vram_total_gb": 23.99, "vram_util_pct": 2.0, "disk_used_gb": 0.14, "disk_total_gb": 80.0, "disk_util_pct": 14.4, "uptime_sec": 49942007, "cpu_name": "AMD EPYC 7Y83 64-Core Processor", "gpu_name": "RTX 4090"}, "ready_status": "downloading_model", "ready_detail": "downloading/loading model weights", "preload_elapsed": "46.8s", "state_unchanged": "40.7s", "same_state_polls": 7, "ready_probe_attempt": 8, "contract_id": 31545794}
[2026-02-17T06:48:50.877Z] [rent.py] {"ts": "2026-02-17T06:48:21.144914+00:00", "seq": 7, "poll": 33, "url": "http://217.171.200.22:53921/ready", "ready": false, "waiting": "182s", "timeout": "3600s", "remaining": "3417s", "phase": "waiting_ready", "status": "running", "provider_status": "success, running kngsly/trellis2-worker:sha-89cc231", "message": "probe_http=200 ready=false status='downloading_model' detail='downloading/loading model weights' started_at=1771310859.622 preload_elapsed=41.1s state_unchanged=35.0s same_state_polls=6 ready_probe_attempt=7", "runtime": "cpu=24.4% gpu=0.0% ram=0.8/253.6GB vram=0.5/24.0GB disk=0/80GB", "runtime_stats": {"cpu_util_pct": 24.4, "gpu_util_pct": 0.0, "ram_used_gb": 0.8, "ram_total_gb": 253.55, "ram_util_pct": 0.3, "vram_used_gb": 0.47, "vram_total_gb": 23.99, "vram_util_pct": 2.0, "disk_used_gb": 0.14, "disk_total_gb": 80.0, "disk_util_pct": 14.4, "uptime_sec": 49942013, "cpu_name": "AMD EPYC 7Y83 64-Core Processor", "gpu_name": "RTX 4090"}, "ready_status": "downloading_model", "ready_detail": "downloading/loading model weights", "preload_elapsed": "41.1s", "state_unchanged": "35.0s", "same_state_polls": 6, "ready_probe_attempt": 7, "contract_id": 31545794}
[2026-02-17T06:48:50.877Z] [rent.py] {"ts": "2026-02-17T06:48:15.431208+00:00", "seq": 6, "poll": 32, "url": "http://217.171.200.22:53921/ready", "ready": false, "waiting": "176s", "timeout": "3600s", "remaining": "3423s", "phase": "waiting_ready", "status": "running", "provider_status": "success, running kngsly/trellis2-worker:sha-89cc231", "message": "probe_http=200 ready=false status='downloading_model' detail='downloading/loading model weights' started_at=1771310859.622 preload_elapsed=35.5s state_unchanged=29.4s same_state_polls=5 ready_probe_attempt=6", "runtime": "cpu=24.4% gpu=0.0% ram=0.8/253.6GB vram=0.5/24.0GB disk=0/80GB", "runtime_stats": {"cpu_util_pct": 24.4, "gpu_util_pct": 0.0, "ram_used_gb": 0.8, "ram_total_gb": 253.55, "ram_util_pct": 0.3, "vram_used_gb": 0.47, "vram_total_gb": 23.99, "vram_util_pct": 2.0, "disk_used_gb": 0.14, "disk_total_gb": 80.0, "disk_util_pct": 14.4, "uptime_sec": 49942019, "cpu_name": "AMD EPYC 7Y83 64-Core Processor", "gpu_name": "RTX 4090"}, "ready_status": "downloading_model", "ready_detail": "downloading/loading model weights", "preload_elapsed": "35.5s", "state_unchanged": "29.4s", "same_state_polls": 5, "ready_probe_attempt": 6, "contract_id": 31545794}
[2026-02-17T06:48:50.877Z] [rent.py] {"ts": "2026-02-17T06:48:32.711767+00:00", "seq": 9, "poll": 35, "url": "http://217.171.200.22:53921/ready", "ready": false, "waiting": "194s", "timeout": "3600s", "remaining": "3405s", "phase": "waiting_ready", "status": "running", "provider_status": "success, running kngsly/trellis2-worker:sha-89cc231", "message": "probe_http=200 ready=false status='downloading_model' detail='downloading/loading model weights' started_at=1771310859.622 preload_elapsed=52.7s state_unchanged=46.6s same_state_polls=8 ready_probe_attempt=9", "runtime": "cpu=24.4% gpu=0.0% ram=0.8/253.6GB vram=0.5/24.0GB disk=0/80GB", "runtime_stats": {"cpu_util_pct": 24.4, "gpu_util_pct": 0.0, "ram_used_gb": 0.8, "ram_total_gb": 253.55, "ram_util_pct": 0.3, "vram_used_gb": 0.47, "vram_total_gb": 23.99, "vram_util_pct": 2.0, "disk_used_gb": 0.14, "disk_total_gb": 80.0, "disk_util_pct": 14.4, "uptime_sec": 49942001, "cpu_name": "AMD EPYC 7Y83 64-Core Processor", "gpu_name": "RTX 4090"}, "ready_status": "downloading_model", "ready_detail": "downloading/loading model weights", "preload_elapsed": "52.7s", "state_unchanged": "46.6s", "same_state_polls": 8, "ready_probe_attempt": 9, "contract_id": 31545794}
[2026-02-17T06:48:50.877Z] [rent.py] {"ts": "2026-02-17T06:48:09.813998+00:00", "seq": 5, "poll": 31, "url": "http://217.171.200.22:53921/ready", "ready": false, "waiting": "171s", "timeout": "3600s", "remaining": "3428s", "phase": "waiting_ready", "status": "running", "provider_status": "success, running kngsly/trellis2-worker:sha-89cc231", "message": "probe_http=200 ready=false status='downloading_model' detail='downloading/loading model weights' started_at=1771310859.622 preload_elapsed=29.8s state_unchanged=23.7s same_state_polls=4 ready_probe_attempt=5", "runtime": "cpu=24.4% gpu=0.0% ram=0.8/253.6GB vram=0.5/24.0GB disk=0/80GB", "runtime_stats": {"cpu_util_pct": 24.4, "gpu_util_pct": 0.0, "ram_used_gb": 0.8, "ram_total_gb": 253.55, "ram_util_pct": 0.3, "vram_used_gb": 0.47, "vram_total_gb": 23.99, "vram_util_pct": 2.0, "disk_used_gb": 0.14, "disk_total_gb": 80.0, "disk_util_pct": 14.4, "uptime_sec": 49942024, "cpu_name": "AMD EPYC 7Y83 64-Core Processor", "gpu_name": "RTX 4090"}, "ready_status": "downloading_model", "ready_detail": "downloading/loading model weights", "preload_elapsed": "29.8s", "state_unchanged": "23.7s", "same_state_polls": 4, "ready_probe_attempt": 5, "contract_id": 31545794}
[2026-02-17T06:48:50.877Z] [rent.py] {"ts": "2026-02-17T06:48:45.210854+00:00", "seq": 11, "poll": 37, "url": "http://217.171.200.22:53921/ready", "ready": false, "waiting": "206s", "timeout": "3600s", "remaining": "3393s", "phase": "waiting_ready", "status": "running", "provider_status": "success, running kngsly/trellis2-worker:sha-89cc231", "message": "probe_http=200 ready=false status='downloading_model' detail='downloading/loading model weights' started_at=1771310859.622 preload_elapsed=65.2s state_unchanged=59.1s same_state_polls=10 ready_probe_attempt=11", "runtime": "cpu=24.4% gpu=0.0% ram=0.8/253.6GB vram=0.5/24.0GB disk=0/80GB", "runtime_stats": {"cpu_util_pct": 24.4, "gpu_util_pct": 0.0, "ram_used_gb": 0.8, "ram_total_gb": 253.55, "ram_util_pct": 0.3, "vram_used_gb": 0.47, "vram_total_gb": 23.99, "vram_util_pct": 2.0, "disk_used_gb": 0.14, "disk_total_gb": 80.0, "disk_util_pct": 14.4, "uptime_sec": 49941989, "cpu_name": "AMD EPYC 7Y83 64-Core Processor", "gpu_name": "RTX 4090"}, "ready_status": "downloading_model", "ready_detail": "downloading/loading model weights", "preload_elapsed": "65.2s", "state_unchanged": "59.1s", "same_state_polls": 10, "ready_probe_attempt": 11, "contract_id": 31545794}
[2026-02-17T06:48:50.877Z] [rent.py] {"ts": "2026-02-17T06:48:39.464941+00:00", "seq": 10, "poll": 36, "url": "http://217.171.200.22:53921/ready", "ready": false, "waiting": "200s", "timeout": "3600s", "remaining": "3399s", "phase": "waiting_ready", "status": "running", "provider_status": "success, running kngsly/trellis2-worker:sha-89cc231", "message": "probe_http=200 ready=false status='downloading_model' detail='downloading/loading model weights' started_at=1771310859.622 preload_elapsed=58.4s state_unchanged=52.3s same_state_polls=9 ready_probe_attempt=10", "runtime": "cpu=24.4% gpu=0.0% ram=0.8/253.6GB vram=0.5/24.0GB disk=0/80GB", "runtime_stats": {"cpu_util_pct": 24.4, "gpu_util_pct": 0.0, "ram_used_gb": 0.8, "ram_total_gb": 253.55, "ram_util_pct": 0.3, "vram_used_gb": 0.47, "vram_total_gb": 23.99, "vram_util_pct": 2.0, "disk_used_gb": 0.14, "disk_total_gb": 80.0, "disk_util_pct": 14.4, "uptime_sec": 49941996, "cpu_name": "AMD EPYC 7Y83 64-Core Processor", "gpu_name": "RTX 4090"}, "ready_status": "downloading_model", "ready_detail": "downloading/loading model weights", "preload_elapsed": "58.4s", "state_unchanged": "52.3s", "same_state_polls": 9, "ready_probe_attempt": 10, "contract_id": 31545794}
[2026-02-17T06:49:30.476Z] [rent.py] {"ts": "2026-02-17T06:48:50.876674+00:00", "seq": 12, "poll": 38, "url": "http://217.171.200.22:53921/ready", "ready": false, "waiting": "212s", "timeout": "3600s", "remaining": "3387s", "phase": "waiting_ready", "status": "running", "provider_status": "success, running kngsly/trellis2-worker:sha-89cc231", "message": "probe_http=200 ready=false status='downloading_model' detail='downloading/loading model weights' started_at=1771310859.622 preload_elapsed=70.9s state_unchanged=64.8s same_state_polls=11 ready_probe_attempt=12", "runtime": "cpu=24.4% gpu=0.0% ram=0.8/253.6GB vram=0.5/24.0GB disk=0/80GB", "runtime_stats": {"cpu_util_pct": 24.4, "gpu_util_pct": 0.0, "ram_used_gb": 0.8, "ram_total_gb": 253.55, "ram_util_pct": 0.3, "vram_used_gb": 0.47, "vram_total_gb": 23.99, "vram_util_pct": 2.0, "disk_used_gb": 0.14, "disk_total_gb": 80.0, "disk_util_pct": 14.4, "uptime_sec": 49941983, "cpu_name": "AMD EPYC 7Y83 64-Core Processor", "gpu_name": "RTX 4090"}, "ready_status": "downloading_model", "ready_detail": "downloading/loading model weights", "preload_elapsed": "70.9s", "state_unchanged": "64.8s", "same_state_polls": 11, "ready_probe_attempt": 12, "contract_id": 31545794}
[2026-02-17T06:49:30.476Z] [rent.py] {"ts": "2026-02-17T06:49:24.771325+00:00", "seq": 18, "poll": 44, "url": "http://217.171.200.22:53921/ready", "ready": false, "waiting": "246s", "timeout": "3600s", "remaining": "3353s", "phase": "waiting_ready", "status": "running", "provider_status": "success, running kngsly/trellis2-worker:sha-89cc231", "message": "probe_http=200 ready=false status='loading_weights' detail='preload failed attempt 1/3, retry in 15s' started_at=1771310859.622 preload_elapsed=104.8s state_unchanged=5.6s same_state_polls=1 ready_probe_attempt=18", "runtime": "cpu=24.4% gpu=0.0% ram=0.8/253.6GB vram=0.5/24.0GB disk=0/80GB", "runtime_stats": {"cpu_util_pct": 24.4, "gpu_util_pct": 0.0, "ram_used_gb": 0.8, "ram_total_gb": 253.55, "ram_util_pct": 0.3, "vram_used_gb": 0.47, "vram_total_gb": 23.99, "vram_util_pct": 2.0, "disk_used_gb": 0.14, "disk_total_gb": 80.0, "disk_util_pct": 14.4, "uptime_sec": 49941949, "cpu_name": "AMD EPYC 7Y83 64-Core Processor", "gpu_name": "RTX 4090"}, "ready_status": "loading_weights", "ready_detail": "preload failed attempt 1/3, retry in 15s", "preload_elapsed": "104.8s", "state_unchanged": "5.6s", "same_state_polls": 1, "ready_probe_attempt": 18, "contract_id": 31545794}
[2026-02-17T06:49:30.476Z] [rent.py] [217s] Worker state changed: status='loading_weights' detail='moving to device'
[2026-02-17T06:49:30.476Z] [rent.py] {"ts": "2026-02-17T06:48:56.499195+00:00", "seq": 13, "poll": 39, "url": "http://217.171.200.22:53921/ready", "ready": false, "waiting": "217s", "timeout": "3600s", "remaining": "3382s", "phase": "waiting_ready", "status": "running", "provider_status": "success, running kngsly/trellis2-worker:sha-89cc231", "message": "probe_http=200 ready=false status='loading_weights' detail='moving to device' started_at=1771310859.622 preload_elapsed=76.5s state_unchanged=0.0s same_state_polls=0 ready_probe_attempt=13", "runtime": "cpu=24.4% gpu=0.0% ram=0.8/253.6GB vram=0.5/24.0GB disk=0/80GB", "runtime_stats": {"cpu_util_pct": 24.4, "gpu_util_pct": 0.0, "ram_used_gb": 0.8, "ram_total_gb": 253.55, "ram_util_pct": 0.3, "vram_used_gb": 0.47, "vram_total_gb": 23.99, "vram_util_pct": 2.0, "disk_used_gb": 0.14, "disk_total_gb": 80.0, "disk_util_pct": 14.4, "uptime_sec": 49941978, "cpu_name": "AMD EPYC 7Y83 64-Core Processor", "gpu_name": "RTX 4090"}, "ready_status": "loading_weights", "ready_detail": "moving to device", "preload_elapsed": "76.5s", "state_unchanged": "0.0s", "ready_probe_attempt": 13, "contract_id": 31545794}
[2026-02-17T06:49:30.476Z] [rent.py] {"ts": "2026-02-17T06:49:19.169290+00:00", "seq": 17, "poll": 43, "url": "http://217.171.200.22:53921/ready", "ready": false, "waiting": "240s", "timeout": "3600s", "remaining": "3359s", "phase": "waiting_ready", "status": "running", "provider_status": "success, running kngsly/trellis2-worker:sha-89cc231", "message": "probe_http=200 ready=false status='loading_weights' detail='preload failed attempt 1/3, retry in 15s' started_at=1771310859.622 preload_elapsed=99.2s state_unchanged=0.0s same_state_polls=0 ready_probe_attempt=17", "runtime": "cpu=24.4% gpu=0.0% ram=0.8/253.6GB vram=0.5/24.0GB disk=0/80GB", "runtime_stats": {"cpu_util_pct": 24.4, "gpu_util_pct": 0.0, "ram_used_gb": 0.8, "ram_total_gb": 253.55, "ram_util_pct": 0.3, "vram_used_gb": 0.47, "vram_total_gb": 23.99, "vram_util_pct": 2.0, "disk_used_gb": 0.14, "disk_total_gb": 80.0, "disk_util_pct": 14.4, "uptime_sec": 49941955, "cpu_name": "AMD EPYC 7Y83 64-Core Processor", "gpu_name": "RTX 4090"}, "ready_status": "loading_weights", "ready_detail": "preload failed attempt 1/3, retry in 15s", "preload_elapsed": "99.2s", "state_unchanged": "0.0s", "ready_probe_attempt": 17, "contract_id": 31545794}
[2026-02-17T06:49:30.476Z] [rent.py] {"ts": "2026-02-17T06:49:02.171012+00:00", "seq": 14, "poll": 40, "url": "http://217.171.200.22:53921/ready", "ready": false, "waiting": "223s", "timeout": "3600s", "remaining": "3376s", "phase": "waiting_ready", "status": "running", "provider_status": "success, running kngsly/trellis2-worker:sha-89cc231", "message": "probe_http=200 ready=false status='loading_weights' detail='moving to device' started_at=1771310859.622 preload_elapsed=82.2s state_unchanged=5.7s same_state_polls=1 ready_probe_attempt=14", "runtime": "cpu=24.4% gpu=0.0% ram=0.8/253.6GB vram=0.5/24.0GB disk=0/80GB", "runtime_stats": {"cpu_util_pct": 24.4, "gpu_util_pct": 0.0, "ram_used_gb": 0.8, "ram_total_gb": 253.55, "ram_util_pct": 0.3, "vram_used_gb": 0.47, "vram_total_gb": 23.99, "vram_util_pct": 2.0, "disk_used_gb": 0.14, "disk_total_gb": 80.0, "disk_util_pct": 14.4, "uptime_sec": 49941972, "cpu_name": "AMD EPYC 7Y83 64-Core Processor", "gpu_name": "RTX 4090"}, "ready_status": "loading_weights", "ready_detail": "moving to device", "preload_elapsed": "82.2s", "state_unchanged": "5.7s", "same_state_polls": 1, "ready_probe_attempt": 14, "contract_id": 31545794}
[2026-02-17T06:49:30.476Z] [rent.py] {"ts": "2026-02-17T06:49:07.852258+00:00", "seq": 15, "poll": 41, "url": "http://217.171.200.22:53921/ready", "ready": false, "waiting": "229s", "timeout": "3600s", "remaining": "3370s", "phase": "waiting_ready", "status": "running", "provider_status": "success, running kngsly/trellis2-worker:sha-89cc231", "message": "probe_http=200 ready=false status='loading_weights' detail='moving to device' started_at=1771310859.622 preload_elapsed=87.9s state_unchanged=11.4s same_state_polls=2 ready_probe_attempt=15", "runtime": "cpu=24.4% gpu=0.0% ram=0.8/253.6GB vram=0.5/24.0GB disk=0/80GB", "runtime_stats": {"cpu_util_pct": 24.4, "gpu_util_pct": 0.0, "ram_used_gb": 0.8, "ram_total_gb": 253.55, "ram_util_pct": 0.3, "vram_used_gb": 0.47, "vram_total_gb": 23.99, "vram_util_pct": 2.0, "disk_used_gb": 0.14, "disk_total_gb": 80.0, "disk_util_pct": 14.4, "uptime_sec": 49941966, "cpu_name": "AMD EPYC 7Y83 64-Core Processor", "gpu_name": "RTX 4090"}, "ready_status": "loading_weights", "ready_detail": "moving to device", "preload_elapsed": "87.9s", "state_unchanged": "11.4s", "same_state_polls": 2, "ready_probe_attempt": 15, "contract_id": 31545794}
[2026-02-17T06:49:30.476Z] [rent.py] {"ts": "2026-02-17T06:49:13.551242+00:00", "seq": 16, "poll": 42, "url": "http://217.171.200.22:53921/ready", "ready": false, "waiting": "235s", "timeout": "3600s", "remaining": "3364s", "phase": "waiting_ready", "status": "running", "provider_status": "success, running kngsly/trellis2-worker:sha-89cc231", "message": "probe_http=200 ready=false status='loading_weights' detail='moving to device' started_at=1771310859.622 preload_elapsed=93.6s state_unchanged=17.1s same_state_polls=3 ready_probe_attempt=16", "runtime": "cpu=24.4% gpu=0.0% ram=0.8/253.6GB vram=0.5/24.0GB disk=0/80GB", "runtime_stats": {"cpu_util_pct": 24.4, "gpu_util_pct": 0.0, "ram_used_gb": 0.8, "ram_total_gb": 253.55, "ram_util_pct": 0.3, "vram_used_gb": 0.47, "vram_total_gb": 23.99, "vram_util_pct": 2.0, "disk_used_gb": 0.14, "disk_total_gb": 80.0, "disk_util_pct": 14.4, "uptime_sec": 49941961, "cpu_name": "AMD EPYC 7Y83 64-Core Processor", "gpu_name": "RTX 4090"}, "ready_status": "loading_weights", "ready_detail": "moving to device", "preload_elapsed": "93.6s", "state_unchanged": "17.1s", "same_state_polls": 3, "ready_probe_attempt": 16, "contract_id": 31545794}
[2026-02-17T06:49:30.476Z] [rent.py] [240s] Monitoring progress: poll #43, 3359s remaining
[2026-02-17T06:49:30.476Z] [rent.py] [240s] Worker state changed: status='loading_weights' detail='preload failed attempt 1/3, retry in 15s'
[2026-02-17T06:50:09.928Z] [rent.py] [279s] Worker state changed: status='loading_weights' detail='moving to device'
[2026-02-17T06:50:09.928Z] [rent.py] {"ts": "2026-02-17T06:49:36.090391+00:00", "seq": 20, "poll": 46, "url": "http://217.171.200.22:53921/ready", "ready": false, "waiting": "257s", "timeout": "3600s", "remaining": "3342s", "phase": "waiting_ready", "status": "running", "provider_status": "success, running kngsly/trellis2-worker:sha-89cc231", "message": "probe_http=200 ready=false status='downloading_model' detail='downloading/loading model weights' started_at=1771310859.622 preload_elapsed=116.1s state_unchanged=0.0s same_state_polls=0 ready_probe_attempt=20", "runtime": "cpu=24.4% gpu=0.0% ram=0.8/253.6GB vram=0.5/24.0GB disk=0/80GB", "runtime_stats": {"cpu_util_pct": 24.4, "gpu_util_pct": 0.0, "ram_used_gb": 0.8, "ram_total_gb": 253.55, "ram_util_pct": 0.3, "vram_used_gb": 0.47, "vram_total_gb": 23.99, "vram_util_pct": 2.0, "disk_used_gb": 0.14, "disk_total_gb": 80.0, "disk_util_pct": 14.4, "uptime_sec": 49941938, "cpu_name": "AMD EPYC 7Y83 64-Core Processor", "gpu_name": "RTX 4090"}, "ready_status": "downloading_model", "ready_detail": "downloading/loading model weights", "preload_elapsed": "116.1s", "state_unchanged": "0.0s", "ready_probe_attempt": 20, "contract_id": 31545794}
[2026-02-17T06:50:09.928Z] [rent.py] [257s] Worker state changed: status='downloading_model' detail='downloading/loading model weights'
[2026-02-17T06:50:09.927Z] [rent.py] {"ts": "2026-02-17T06:49:30.475568+00:00", "seq": 19, "poll": 45, "url": "http://217.171.200.22:53921/ready", "ready": false, "waiting": "251s", "timeout": "3600s", "remaining": "3348s", "phase": "waiting_ready", "status": "running", "provider_status": "success, running kngsly/trellis2-worker:sha-89cc231", "message": "probe_http=200 ready=false status='loading_weights' detail='preload failed attempt 1/3, retry in 15s' started_at=1771310859.622 preload_elapsed=110.4s state_unchanged=11.2s same_state_polls=2 ready_probe_attempt=19", "runtime": "cpu=24.4% gpu=0.0% ram=0.8/253.6GB vram=0.5/24.0GB disk=0/80GB", "runtime_stats": {"cpu_util_pct": 24.4, "gpu_util_pct": 0.0, "ram_used_gb": 0.8, "ram_total_gb": 253.55, "ram_util_pct": 0.3, "vram_used_gb": 0.47, "vram_total_gb": 23.99, "vram_util_pct": 2.0, "disk_used_gb": 0.14, "disk_total_gb": 80.0, "disk_util_pct": 14.4, "uptime_sec": 49941944, "cpu_name": "AMD EPYC 7Y83 64-Core Processor", "gpu_name": "RTX 4090"}, "ready_status": "loading_weights", "ready_detail": "preload failed attempt 1/3, retry in 15s", "preload_elapsed": "110.4s", "state_unchanged": "11.2s", "same_state_polls": 2, "ready_probe_attempt": 19, "contract_id": 31545794}
[2026-02-17T06:50:09.928Z] [rent.py] {"ts": "2026-02-17T06:49:47.391556+00:00", "seq": 22, "poll": 48, "url": "http://217.171.200.22:53921/ready", "ready": false, "waiting": "268s", "timeout": "3600s", "remaining": "3331s", "phase": "waiting_ready", "status": "running", "provider_status": "success, running kngsly/trellis2-worker:sha-89cc231", "message": "probe_http=200 ready=false status='downloading_model' detail='downloading/loading model weights' started_at=1771310859.622 preload_elapsed=127.4s state_unchanged=11.3s same_state_polls=2 ready_probe_attempt=22", "runtime": "cpu=24.4% gpu=0.0% ram=0.8/253.6GB vram=0.5/24.0GB disk=0/80GB", "runtime_stats": {"cpu_util_pct": 24.4, "gpu_util_pct": 0.0, "ram_used_gb": 0.8, "ram_total_gb": 253.55, "ram_util_pct": 0.3, "vram_used_gb": 0.47, "vram_total_gb": 23.99, "vram_util_pct": 2.0, "disk_used_gb": 0.14, "disk_total_gb": 80.0, "disk_util_pct": 14.4, "uptime_sec": 49941927, "cpu_name": "AMD EPYC 7Y83 64-Core Processor", "gpu_name": "RTX 4090"}, "ready_status": "downloading_model", "ready_detail": "downloading/loading model weights", "preload_elapsed": "127.4s", "state_unchanged": "11.3s", "same_state_polls": 2, "ready_probe_attempt": 22, "contract_id": 31545794}
[2026-02-17T06:50:09.928Z] [rent.py] {"ts": "2026-02-17T06:49:41.739091+00:00", "seq": 21, "poll": 47, "url": "http://217.171.200.22:53921/ready", "ready": false, "waiting": "263s", "timeout": "3600s", "remaining": "3336s", "phase": "waiting_ready", "status": "running", "provider_status": "success, running kngsly/trellis2-worker:sha-89cc231", "message": "probe_http=200 ready=false status='downloading_model' detail='downloading/loading model weights' started_at=1771310859.622 preload_elapsed=121.8s state_unchanged=5.6s same_state_polls=1 ready_probe_attempt=21", "runtime": "cpu=24.4% gpu=0.0% ram=0.8/253.6GB vram=0.5/24.0GB disk=0/80GB", "runtime_stats": {"cpu_util_pct": 24.4, "gpu_util_pct": 0.0, "ram_used_gb": 0.8, "ram_total_gb": 253.55, "ram_util_pct": 0.3, "vram_used_gb": 0.47, "vram_total_gb": 23.99, "vram_util_pct": 2.0, "disk_used_gb": 0.14, "disk_total_gb": 80.0, "disk_util_pct": 14.4, "uptime_sec": 49941932, "cpu_name": "AMD EPYC 7Y83 64-Core Processor", "gpu_name": "RTX 4090"}, "ready_status": "downloading_model", "ready_detail": "downloading/loading model weights", "preload_elapsed": "121.8s", "state_unchanged": "5.6s", "same_state_polls": 1, "ready_probe_attempt": 21, "contract_id": 31545794}
[2026-02-17T06:50:09.928Z] [rent.py] {"ts": "2026-02-17T06:49:53.015303+00:00", "seq": 23, "poll": 49, "url": "http://217.171.200.22:53921/ready", "ready": false, "waiting": "274s", "timeout": "3600s", "remaining": "3325s", "phase": "waiting_ready", "status": "running", "provider_status": "success, running kngsly/trellis2-worker:sha-89cc231", "message": "probe_http=200 ready=false status='downloading_model' detail='downloading/loading model weights' started_at=1771310859.622 preload_elapsed=133.0s state_unchanged=16.9s same_state_polls=3 ready_probe_attempt=23", "runtime": "cpu=24.4% gpu=0.0% ram=0.8/253.6GB vram=0.5/24.0GB disk=0/80GB", "runtime_stats": {"cpu_util_pct": 24.4, "gpu_util_pct": 0.0, "ram_used_gb": 0.8, "ram_total_gb": 253.55, "ram_util_pct": 0.3, "vram_used_gb": 0.47, "vram_total_gb": 23.99, "vram_util_pct": 2.0, "disk_used_gb": 0.14, "disk_total_gb": 80.0, "disk_util_pct": 14.4, "uptime_sec": 49941921, "cpu_name": "AMD EPYC 7Y83 64-Core Processor", "gpu_name": "RTX 4090"}, "ready_status": "downloading_model", "ready_detail": "downloading/loading model weights", "preload_elapsed": "133.0s", "state_unchanged": "16.9s", "same_state_polls": 3, "ready_probe_attempt": 23, "contract_id": 31545794}
[2026-02-17T06:50:09.928Z] [rent.py] {"ts": "2026-02-17T06:49:58.662234+00:00", "seq": 24, "poll": 50, "url": "http://217.171.200.22:53921/ready", "ready": false, "waiting": "280s", "timeout": "3600s", "remaining": "3319s", "phase": "waiting_ready", "status": "running", "provider_status": "success, running kngsly/trellis2-worker:sha-89cc231", "message": "probe_http=200 ready=false status='loading_weights' detail='moving to device' started_at=1771310859.622 preload_elapsed=138.7s state_unchanged=0.0s same_state_polls=0 ready_probe_attempt=24", "runtime": "cpu=24.4% gpu=0.0% ram=0.8/253.6GB vram=0.5/24.0GB disk=0/80GB", "runtime_stats": {"cpu_util_pct": 24.4, "gpu_util_pct": 0.0, "ram_used_gb": 0.8, "ram_total_gb": 253.55, "ram_util_pct": 0.3, "vram_used_gb": 0.47, "vram_total_gb": 23.99, "vram_util_pct": 2.0, "disk_used_gb": 0.14, "disk_total_gb": 80.0, "disk_util_pct": 14.4, "uptime_sec": 49941916, "cpu_name": "AMD EPYC 7Y83 64-Core Processor", "gpu_name": "RTX 4090"}, "ready_status": "loading_weights", "ready_detail": "moving to device", "preload_elapsed": "138.7s", "state_unchanged": "0.0s", "ready_probe_attempt": 24, "contract_id": 31545794}
[2026-02-17T06:50:09.928Z] [rent.py] {"ts": "2026-02-17T06:50:04.267956+00:00", "seq": 25, "poll": 51, "url": "http://217.171.200.22:53921/ready", "ready": false, "waiting": "285s", "timeout": "3600s", "remaining": "3314s", "phase": "waiting_ready", "status": "running", "provider_status": "success, running kngsly/trellis2-worker:sha-89cc231", "message": "probe_http=200 ready=false status='loading_weights' detail='moving to device' started_at=1771310859.622 preload_elapsed=144.3s state_unchanged=5.6s same_state_polls=1 ready_probe_attempt=25", "runtime": "cpu=24.4% gpu=0.0% ram=0.8/253.6GB vram=0.5/24.0GB disk=0/80GB", "runtime_stats": {"cpu_util_pct": 24.4, "gpu_util_pct": 0.0, "ram_used_gb": 0.8, "ram_total_gb": 253.55, "ram_util_pct": 0.3, "vram_used_gb": 0.47, "vram_total_gb": 23.99, "vram_util_pct": 2.0, "disk_used_gb": 0.14, "disk_total_gb": 80.0, "disk_util_pct": 14.4, "uptime_sec": 49941910, "cpu_name": "AMD EPYC 7Y83 64-Core Processor", "gpu_name": "RTX 4090"}, "ready_status": "loading_weights", "ready_detail": "moving to device", "preload_elapsed": "144.3s", "state_unchanged": "5.6s", "same_state_polls": 1, "ready_probe_attempt": 25, "contract_id": 31545794}
[2026-02-17T06:50:49.414Z] [rent.py] {"ts": "2026-02-17T06:50:09.927380+00:00", "seq": 26, "poll": 52, "url": "http://217.171.200.22:53921/ready", "ready": false, "waiting": "291s", "timeout": "3600s", "remaining": "3308s", "phase": "waiting_ready", "status": "running", "provider_status": "success, running kngsly/trellis2-worker:sha-89cc231", "message": "probe_http=200 ready=false status='loading_weights' detail='moving to device' started_at=1771310859.622 preload_elapsed=149.9s state_unchanged=11.2s same_state_polls=2 ready_probe_attempt=26", "runtime": "cpu=24.4% gpu=0.0% ram=0.8/253.6GB vram=0.5/24.0GB disk=0/80GB", "runtime_stats": {"cpu_util_pct": 24.4, "gpu_util_pct": 0.0, "ram_used_gb": 0.8, "ram_total_gb": 253.55, "ram_util_pct": 0.3, "vram_used_gb": 0.47, "vram_total_gb": 23.99, "vram_util_pct": 2.0, "disk_used_gb": 0.14, "disk_total_gb": 80.0, "disk_util_pct": 14.4, "uptime_sec": 49941904, "cpu_name": "AMD EPYC 7Y83 64-Core Processor", "gpu_name": "RTX 4090"}, "ready_status": "loading_weights", "ready_detail": "moving to device", "preload_elapsed": "149.9s", "state_unchanged": "11.2s", "same_state_polls": 2, "ready_probe_attempt": 26, "contract_id": 31545794}
[2026-02-17T06:50:49.414Z] [rent.py] [296s] Worker state changed: status='loading_weights' detail='preload failed attempt 2/3, retry in 30s'
[2026-02-17T06:50:49.414Z] [rent.py] {"ts": "2026-02-17T06:50:15.575237+00:00", "seq": 27, "poll": 53, "url": "http://217.171.200.22:53921/ready", "ready": false, "waiting": "297s", "timeout": "3600s", "remaining": "3302s", "phase": "waiting_ready", "status": "running", "provider_status": "success, running kngsly/trellis2-worker:sha-89cc231", "message": "probe_http=200 ready=false status='loading_weights' detail='preload failed attempt 2/3, retry in 30s' started_at=1771310859.622 preload_elapsed=155.6s state_unchanged=0.0s same_state_polls=0 ready_probe_attempt=27", "runtime": "cpu=24.4% gpu=0.0% ram=0.8/253.6GB vram=0.5/24.0GB disk=0/80GB", "runtime_stats": {"cpu_util_pct": 24.4, "gpu_util_pct": 0.0, "ram_used_gb": 0.8, "ram_total_gb": 253.55, "ram_util_pct": 0.3, "vram_used_gb": 0.47, "vram_total_gb": 23.99, "vram_util_pct": 2.0, "disk_used_gb": 0.14, "disk_total_gb": 80.0, "disk_util_pct": 14.4, "uptime_sec": 49941899, "cpu_name": "AMD EPYC 7Y83 64-Core Processor", "gpu_name": "RTX 4090"}, "ready_status": "loading_weights", "ready_detail": "preload failed attempt 2/3, retry in 30s", "preload_elapsed": "155.6s", "state_unchanged": "0.0s", "ready_probe_attempt": 27, "contract_id": 31545794}
[2026-02-17T06:50:49.414Z] [rent.py] [330s] Worker state changed: status='downloading_model' detail='downloading/loading model weights'
[2026-02-17T06:50:49.414Z] [rent.py] [330s] Monitoring progress: poll #59, 3269s remaining
[2026-02-17T06:50:49.414Z] [rent.py] {"ts": "2026-02-17T06:50:43.759022+00:00", "seq": 32, "poll": 58, "url": "http://217.171.200.22:53921/ready", "ready": false, "waiting": "325s", "timeout": "3600s", "remaining": "3274s", "phase": "waiting_ready", "status": "running", "provider_status": "success, running kngsly/trellis2-worker:sha-89cc231", "message": "probe_http=200 ready=false status='loading_weights' detail='preload failed attempt 2/3, retry in 30s' started_at=1771310859.622 preload_elapsed=183.8s state_unchanged=28.2s same_state_polls=5 ready_probe_attempt=32", "runtime": "cpu=24.4% gpu=0.0% ram=0.8/253.6GB vram=0.5/24.0GB disk=0/80GB", "runtime_stats": {"cpu_util_pct": 24.4, "gpu_util_pct": 0.0, "ram_used_gb": 0.8, "ram_total_gb": 253.55, "ram_util_pct": 0.3, "vram_used_gb": 0.47, "vram_total_gb": 23.99, "vram_util_pct": 2.0, "disk_used_gb": 0.14, "disk_total_gb": 80.0, "disk_util_pct": 14.4, "uptime_sec": 49941870, "cpu_name": "AMD EPYC 7Y83 64-Core Processor", "gpu_name": "RTX 4090"}, "ready_status": "loading_weights", "ready_detail": "preload failed attempt 2/3, retry in 30s", "preload_elapsed": "183.8s", "state_unchanged": "28.2s", "same_state_polls": 5, "ready_probe_attempt": 32, "contract_id": 31545794}
[2026-02-17T06:50:49.414Z] [rent.py] {"ts": "2026-02-17T06:50:26.822862+00:00", "seq": 29, "poll": 55, "url": "http://217.171.200.22:53921/ready", "ready": false, "waiting": "308s", "timeout": "3600s", "remaining": "3291s", "phase": "waiting_ready", "status": "running", "provider_status": "success, running kngsly/trellis2-worker:sha-89cc231", "message": "probe_http=200 ready=false status='loading_weights' detail='preload failed attempt 2/3, retry in 30s' started_at=1771310859.622 preload_elapsed=166.9s state_unchanged=11.3s same_state_polls=2 ready_probe_attempt=29", "runtime": "cpu=24.4% gpu=0.0% ram=0.8/253.6GB vram=0.5/24.0GB disk=0/80GB", "runtime_stats": {"cpu_util_pct": 24.4, "gpu_util_pct": 0.0, "ram_used_gb": 0.8, "ram_total_gb": 253.55, "ram_util_pct": 0.3, "vram_used_gb": 0.47, "vram_total_gb": 23.99, "vram_util_pct": 2.0, "disk_used_gb": 0.14, "disk_total_gb": 80.0, "disk_util_pct": 14.4, "uptime_sec": 49941887, "cpu_name": "AMD EPYC 7Y83 64-Core Processor", "gpu_name": "RTX 4090"}, "ready_status": "loading_weights", "ready_detail": "preload failed attempt 2/3, retry in 30s", "preload_elapsed": "166.9s", "state_unchanged": "11.3s", "same_state_polls": 2, "ready_probe_attempt": 29, "contract_id": 31545794}
[2026-02-17T06:50:49.414Z] [rent.py] {"ts": "2026-02-17T06:50:21.191037+00:00", "seq": 28, "poll": 54, "url": "http://217.171.200.22:53921/ready", "ready": false, "waiting": "302s", "timeout": "3600s", "remaining": "3297s", "phase": "waiting_ready", "status": "running", "provider_status": "success, running kngsly/trellis2-worker:sha-89cc231", "message": "probe_http=200 ready=false status='loading_weights' detail='preload failed attempt 2/3, retry in 30s' started_at=1771310859.622 preload_elapsed=161.2s state_unchanged=5.6s same_state_polls=1 ready_probe_attempt=28", "runtime": "cpu=24.4% gpu=0.0% ram=0.8/253.6GB vram=0.5/24.0GB disk=0/80GB", "runtime_stats": {"cpu_util_pct": 24.4, "gpu_util_pct": 0.0, "ram_used_gb": 0.8, "ram_total_gb": 253.55, "ram_util_pct": 0.3, "vram_used_gb": 0.47, "vram_total_gb": 23.99, "vram_util_pct": 2.0, "disk_used_gb": 0.14, "disk_total_gb": 80.0, "disk_util_pct": 14.4, "uptime_sec": 49941893, "cpu_name": "AMD EPYC 7Y83 64-Core Processor", "gpu_name": "RTX 4090"}, "ready_status": "loading_weights", "ready_detail": "preload failed attempt 2/3, retry in 30s", "preload_elapsed": "161.2s", "state_unchanged": "5.6s", "same_state_polls": 1, "ready_probe_attempt": 28, "contract_id": 31545794}
[2026-02-17T06:50:49.414Z] [rent.py] {"ts": "2026-02-17T06:50:32.462545+00:00", "seq": 30, "poll": 56, "url": "http://217.171.200.22:53921/ready", "ready": false, "waiting": "313s", "timeout": "3600s", "remaining": "3286s", "phase": "waiting_ready", "status": "running", "provider_status": "success, running kngsly/trellis2-worker:sha-89cc231", "message": "probe_http=200 ready=false status='loading_weights' detail='preload failed attempt 2/3, retry in 30s' started_at=1771310859.622 preload_elapsed=172.5s state_unchanged=16.9s same_state_polls=3 ready_probe_attempt=30", "runtime": "cpu=24.4% gpu=0.0% ram=0.8/253.6GB vram=0.5/24.0GB disk=0/80GB", "runtime_stats": {"cpu_util_pct": 24.4, "gpu_util_pct": 0.0, "ram_used_gb": 0.8, "ram_total_gb": 253.55, "ram_util_pct": 0.3, "vram_used_gb": 0.47, "vram_total_gb": 23.99, "vram_util_pct": 2.0, "disk_used_gb": 0.14, "disk_total_gb": 80.0, "disk_util_pct": 14.4, "uptime_sec": 49941882, "cpu_name": "AMD EPYC 7Y83 64-Core Processor", "gpu_name": "RTX 4090"}, "ready_status": "loading_weights", "ready_detail": "preload failed attempt 2/3, retry in 30s", "preload_elapsed": "172.5s", "state_unchanged": "16.9s", "same_state_polls": 3, "ready_probe_attempt": 30, "contract_id": 31545794}
[2026-02-17T06:50:49.414Z] [rent.py] {"ts": "2026-02-17T06:50:38.105538+00:00", "seq": 31, "poll": 57, "url": "http://217.171.200.22:53921/ready", "ready": false, "waiting": "319s", "timeout": "3600s", "remaining": "3280s", "phase": "waiting_ready", "status": "running", "provider_status": "success, running kngsly/trellis2-worker:sha-89cc231", "message": "probe_http=200 ready=false status='loading_weights' detail='preload failed attempt 2/3, retry in 30s' started_at=1771310859.622 preload_elapsed=178.1s state_unchanged=22.6s same_state_polls=4 ready_probe_attempt=31", "runtime": "cpu=24.4% gpu=0.0% ram=0.8/253.6GB vram=0.5/24.0GB disk=0/80GB", "runtime_stats": {"cpu_util_pct": 24.4, "gpu_util_pct": 0.0, "ram_used_gb": 0.8, "ram_total_gb": 253.55, "ram_util_pct": 0.3, "vram_used_gb": 0.47, "vram_total_gb": 23.99, "vram_util_pct": 2.0, "disk_used_gb": 0.14, "disk_total_gb": 80.0, "disk_util_pct": 14.4, "uptime_sec": 49941876, "cpu_name": "AMD EPYC 7Y83 64-Core Processor", "gpu_name": "RTX 4090"}, "ready_status": "loading_weights", "ready_detail": "preload failed attempt 2/3, retry in 30s", "preload_elapsed": "178.1s", "state_unchanged": "22.6s", "same_state_polls": 4, "ready_probe_attempt": 31, "contract_id": 31545794}
[2026-02-17T06:51:23.695Z] [rent.py] {"ts": "2026-02-17T06:50:49.413547+00:00", "seq": 33, "poll": 59, "url": "http://217.171.200.22:53921/ready", "ready": false, "waiting": "330s", "timeout": "3600s", "remaining": "3269s", "phase": "waiting_ready", "status": "running", "provider_status": "success, running kngsly/trellis2-worker:sha-89cc231", "message": "probe_http=200 ready=false status='downloading_model' detail='downloading/loading model weights' started_at=1771310859.622 preload_elapsed=189.4s state_unchanged=0.0s same_state_polls=0 ready_probe_attempt=33", "runtime": "cpu=24.4% gpu=0.0% ram=0.8/253.6GB vram=0.5/24.0GB disk=0/80GB", "runtime_stats": {"cpu_util_pct": 24.4, "gpu_util_pct": 0.0, "ram_used_gb": 0.8, "ram_total_gb": 253.55, "ram_util_pct": 0.3, "vram_used_gb": 0.47, "vram_total_gb": 23.99, "vram_util_pct": 2.0, "disk_used_gb": 0.14, "disk_total_gb": 80.0, "disk_util_pct": 14.4, "uptime_sec": 49941865, "cpu_name": "AMD EPYC 7Y83 64-Core Processor", "gpu_name": "RTX 4090"}, "ready_status": "downloading_model", "ready_detail": "downloading/loading model weights", "preload_elapsed": "189.4s", "state_unchanged": "0.0s", "ready_probe_attempt": 33, "contract_id": 31545794}
[2026-02-17T06:51:23.695Z] [rent.py] {"ts": "2026-02-17T06:51:06.334798+00:00", "seq": 36, "poll": 62, "url": "http://217.171.200.22:53921/ready", "ready": false, "waiting": "347s", "timeout": "3600s", "remaining": "3252s", "phase": "waiting_ready", "status": "running", "provider_status": "success, running kngsly/trellis2-worker:sha-89cc231", "message": "probe_http=200 ready=false status='loading_weights' detail='moving to device' started_at=1771310859.622 preload_elapsed=206.4s state_unchanged=0.0s same_state_polls=0 ready_probe_attempt=36", "runtime": "cpu=12.5% gpu=0.0% ram=17.5/253.6GB vram=0.5/24.0GB disk=6/80GB", "runtime_stats": {"cpu_util_pct": 12.5, "gpu_util_pct": 0.0, "ram_used_gb": 17.49, "ram_total_gb": 253.55, "ram_util_pct": 6.9, "vram_used_gb": 0.47, "vram_total_gb": 23.99, "vram_util_pct": 2.0, "disk_used_gb": 5.9, "disk_total_gb": 80.0, "disk_util_pct": 5.9, "uptime_sec": 49941848, "cpu_name": "AMD EPYC 7Y83 64-Core Processor", "gpu_name": "RTX 4090"}, "ready_status": "loading_weights", "ready_detail": "moving to device", "preload_elapsed": "206.4s", "state_unchanged": "0.0s", "ready_probe_attempt": 36, "contract_id": 31545794}
[2026-02-17T06:51:23.695Z] [rent.py] {"ts": "2026-02-17T06:50:55.062112+00:00", "seq": 34, "poll": 60, "url": "http://217.171.200.22:53921/ready", "ready": false, "waiting": "336s", "timeout": "3600s", "remaining": "3263s", "phase": "waiting_ready", "status": "running", "provider_status": "success, running kngsly/trellis2-worker:sha-89cc231", "message": "probe_http=200 ready=false status='downloading_model' detail='downloading/loading model weights' started_at=1771310859.622 preload_elapsed=195.1s state_unchanged=5.7s same_state_polls=1 ready_probe_attempt=34", "runtime": "cpu=12.5% gpu=0.0% ram=17.5/253.6GB vram=0.5/24.0GB disk=6/80GB", "runtime_stats": {"cpu_util_pct": 12.5, "gpu_util_pct": 0.0, "ram_used_gb": 17.49, "ram_total_gb": 253.55, "ram_util_pct": 6.9, "vram_used_gb": 0.47, "vram_total_gb": 23.99, "vram_util_pct": 2.0, "disk_used_gb": 5.9, "disk_total_gb": 80.0, "disk_util_pct": 5.9, "uptime_sec": 49941859, "cpu_name": "AMD EPYC 7Y83 64-Core Processor", "gpu_name": "RTX 4090"}, "ready_status": "downloading_model", "ready_detail": "downloading/loading model weights", "preload_elapsed": "195.1s", "state_unchanged": "5.7s", "same_state_polls": 1, "ready_probe_attempt": 34, "contract_id": 31545794}
[2026-02-17T06:51:23.695Z] [rent.py] {"ts": "2026-02-17T06:51:11.982984+00:00", "seq": 37, "poll": 63, "url": "http://217.171.200.22:53921/ready", "ready": false, "waiting": "353s", "timeout": "3600s", "remaining": "3246s", "phase": "waiting_ready", "status": "running", "provider_status": "success, running kngsly/trellis2-worker:sha-89cc231", "message": "probe_http=200 ready=false status='loading_weights' detail='moving to device' started_at=1771310859.622 preload_elapsed=212.0s state_unchanged=5.6s same_state_polls=1 ready_probe_attempt=37", "runtime": "cpu=12.5% gpu=0.0% ram=17.5/253.6GB vram=0.5/24.0GB disk=6/80GB", "runtime_stats": {"cpu_util_pct": 12.5, "gpu_util_pct": 0.0, "ram_used_gb": 17.49, "ram_total_gb": 253.55, "ram_util_pct": 6.9, "vram_used_gb": 0.47, "vram_total_gb": 23.99, "vram_util_pct": 2.0, "disk_used_gb": 5.9, "disk_total_gb": 80.0, "disk_util_pct": 5.9, "uptime_sec": 49941842, "cpu_name": "AMD EPYC 7Y83 64-Core Processor", "gpu_name": "RTX 4090"}, "ready_status": "loading_weights", "ready_detail": "moving to device", "preload_elapsed": "212.0s", "state_unchanged": "5.6s", "same_state_polls": 1, "ready_probe_attempt": 37, "contract_id": 31545794}
[2026-02-17T06:51:23.695Z] [rent.py] [347s] Worker state changed: status='loading_weights' detail='moving to device'
[2026-02-17T06:51:23.696Z] [rent.py] {"ts": "2026-02-17T06:51:17.638047+00:00", "seq": 38, "poll": 64, "url": "http://217.171.200.22:53921/ready", "ready": false, "waiting": "359s", "timeout": "3600s", "remaining": "3240s", "phase": "waiting_ready", "status": "running", "provider_status": "success, running kngsly/trellis2-worker:sha-89cc231", "message": "probe_http=200 ready=false status='loading_weights' detail='moving to device' started_at=1771310859.622 preload_elapsed=217.7s state_unchanged=11.3s same_state_polls=2 ready_probe_attempt=38", "runtime": "cpu=12.5% gpu=0.0% ram=17.5/253.6GB vram=0.5/24.0GB disk=6/80GB", "runtime_stats": {"cpu_util_pct": 12.5, "gpu_util_pct": 0.0, "ram_used_gb": 17.49, "ram_total_gb": 253.55, "ram_util_pct": 6.9, "vram_used_gb": 0.47, "vram_total_gb": 23.99, "vram_util_pct": 2.0, "disk_used_gb": 5.9, "disk_total_gb": 80.0, "disk_util_pct": 5.9, "uptime_sec": 49941837, "cpu_name": "AMD EPYC 7Y83 64-Core Processor", "gpu_name": "RTX 4090"}, "ready_status": "loading_weights", "ready_detail": "moving to device", "preload_elapsed": "217.7s", "state_unchanged": "11.3s", "same_state_polls": 2, "ready_probe_attempt": 38, "contract_id": 31545794}
[2026-02-17T06:51:23.696Z] [rent.py]     else:
[2026-02-17T06:51:23.695Z] [rent.py] {"ts": "2026-02-17T06:51:00.715096+00:00", "seq": 35, "poll": 61, "url": "http://217.171.200.22:53921/ready", "ready": false, "waiting": "342s", "timeout": "3600s", "remaining": "3257s", "phase": "waiting_ready", "status": "running", "provider_status": "success, running kngsly/trellis2-worker:sha-89cc231", "message": "probe_http=200 ready=false status='downloading_model' detail='downloading/loading model weights' started_at=1771310859.622 preload_elapsed=200.7s state_unchanged=11.3s same_state_polls=2 ready_probe_attempt=35", "runtime": "cpu=12.5% gpu=0.0% ram=17.5/253.6GB vram=0.5/24.0GB disk=6/80GB", "runtime_stats": {"cpu_util_pct": 12.5, "gpu_util_pct": 0.0, "ram_used_gb": 17.49, "ram_total_gb": 253.55, "ram_util_pct": 6.9, "vram_used_gb": 0.47, "vram_total_gb": 23.99, "vram_util_pct": 2.0, "disk_used_gb": 5.9, "disk_total_gb": 80.0, "disk_util_pct": 5.9, "uptime_sec": 49941853, "cpu_name": "AMD EPYC 7Y83 64-Core Processor", "gpu_name": "RTX 4090"}, "ready_status": "downloading_model", "ready_detail": "downloading/loading model weights", "preload_elapsed": "200.7s", "state_unchanged": "11.3s", "same_state_polls": 2, "ready_probe_attempt": 35, "contract_id": 31545794}
[2026-02-17T06:51:23.696Z] [rent.py]     from .full_attn import *
[2026-02-17T06:51:23.696Z] [rent.py]   File "/opt/trellis2/src/trellis2/modules/sparse/attention/__init__.py", line 1, in <module>
[2026-02-17T06:51:23.696Z] [rent.py]   File "/opt/trellis2/src/trellis2/modules/sparse/attention/full_attn.py", line 247
[2026-02-17T06:51:23.696Z] [rent.py]   File "/opt/trellis2/src/trellis2/modules/sparse/transformer/blocks.py", line 7, in <module>
[2026-02-17T06:51:23.697Z] [rent.py] Traceback (most recent call last):
[2026-02-17T06:51:23.696Z] [rent.py]     from .blocks import *
[2026-02-17T06:51:23.696Z] [rent.py]   File "/opt/trellis2/src/trellis2/modules/sparse/transformer/__init__.py", line 1, in <module>
[2026-02-17T06:51:23.697Z] [rent.py] During handling of the above exception, another exception occurred:
[2026-02-17T06:51:23.696Z] [rent.py] former import ModulatedSparseTransformerCrossBlock
[2026-02-17T06:51:23.696Z] [rent.py]     ^^^^
[2026-02-17T06:51:23.696Z] [rent.py] Ready check reported worker error detail:
[2026-02-17T06:51:23.697Z] [rent.py] SyntaxError: invalid syntax
[2026-02-17T06:51:23.696Z] [rent.py] [364s] Worker state changed: status='error' detail='former import ModulatedSparseTransformerCrossBlock File "/opt/trellis2/src/trellis2/modules/sparse/transformer/__init__....'
[2026-02-17T06:51:23.696Z] [rent.py]     from ..attention import SparseMultiHeadAttention
[2026-02-17T06:51:23.697Z] [rent.py]   File "/usr/local/lib/python3.10/dist-packages/huggingface_hub/utils/_http.py", line 657, in hf_raise_for_status
[2026-02-17T06:51:23.697Z] [rent.py]     pipe = _build_pipeline_with_rembg_override(model_id)
[2026-02-17T06:51:23.697Z] [rent.py]     _get_pipeline(deadline=deadline)
[2026-02-17T06:51:23.697Z] [rent.py]   File "/app/worker.py", line 1128, in _get_pipeline
[2026-02-17T06:51:23.697Z] [rent.py]   File "/app/worker.py", line 1338, in _preload_worker_inner
[2026-02-17T06:51:23.697Z] [rent.py]   File "/app/worker.py", line 1026, in _build_pipeline_with_rembg_override
[2026-02-17T06:51:23.697Z] [rent.py] Traceback (most recent call last):
[2026-02-17T06:51:23.697Z] [rent.py]   File "/opt/trellis2/src/trellis2/pipelines/base.py", line 46, in from_pretrained
[2026-02-17T06:51:23.697Z] [rent.py] The above exception was the direct cause of the following exception:
[2026-02-17T06:51:23.697Z] [rent.py]     pipe = Pipeline.from_pretrained.__func__(Trellis2ImageTo3DPipeline, model_id, "pipeline.json")  # type: ignore[attr-defined]
[2026-02-17T06:51:23.697Z] [rent.py]     raise HTTPStatusError(message, request=request, response=self)
[2026-02-17T06:51:23.697Z] [rent.py]     _models[k] = models.from_pretrained(v)
[2026-02-17T06:51:23.697Z] [rent.py] For more information check: https://developer.mozilla.org/en-US/docs/Web/HTTP/Status/404
[2026-02-17T06:51:23.697Z] [rent.py]     return _hf_hub_download_to_cache_dir(
[2026-02-17T06:51:23.697Z] [rent.py] httpx.HTTPStatusError: Client error '404 Not Found' for url 'https://huggingface.co/ckpts/slat_flow_img2shape_dit_1_3B_512_bf16/resolve/main/.json'
[2026-02-17T06:51:23.697Z] [rent.py]   File "/opt/trellis2/src/trellis2/models/__init__.py", line 60, in from_pretrained
[2026-02-17T06:51:23.697Z] [rent.py]   File "/usr/local/lib/python3.10/dist-packages/httpx/_models.py", line 829, in raise_for_status
[2026-02-17T06:51:23.697Z] [rent.py]   File "/usr/local/lib/python3.10/dist-packages/huggingface_hub/file_download.py", line 1032, in hf_hub_download
[2026-02-17T06:51:23.697Z] [rent.py]     response.raise_for_status()
[2026-02-17T06:51:23.697Z] [rent.py]     config_file = hf_hub_download(repo_id, f"{model_name}.json")
[2026-02-17T06:51:23.697Z] [rent.py]   File "/usr/local/lib/python3.10/dist-packages/huggingface_hub/file_download.py", line 1622, in get_hf_file_metadata
[2026-02-17T06:51:23.697Z] [rent.py]     return fn(*args, **kwargs)
[2026-02-17T06:51:23.697Z] [rent.py]     response = _httpx_follow_relative_redirects(
[2026-02-17T06:51:23.697Z] [rent.py]   File "/usr/local/lib/python3.10/dist-packages/huggingface_hub/utils/_validators.py", line 89, in _inner_fn
[2026-02-17T06:51:23.697Z] [rent.py]   File "/usr/local/lib/python3.10/dist-packages/huggingface_hub/utils/_validators.py", line 89, in _inner_fn
[2026-02-17T06:51:23.697Z] [rent.py] Please make sure you specified the correct `repo_id` and `repo_type`.
[2026-02-17T06:51:23.697Z] [rent.py]     metadata = get_hf_file_metadata(
[2026-02-17T06:51:23.697Z] [rent.py] Repository Not Found for url: https://huggingface.co/ckpts/slat_flow_img2shape_dit_1_3B_512_bf16/resolve/main/.json.
[2026-02-17T06:51:23.697Z] [rent.py]   File "/usr/local/lib/python3.10/dist-packages/huggingface_hub/file_download.py", line 1699, in _get_metadata_or_catch_error
[2026-02-17T06:51:23.697Z] [rent.py] huggingface_hub.errors.RepositoryNotFoundError: 404 Client Error. (Request ID: Root=1-69940fe9-56b072462d24d2693ad62778;34d14cb1-50e2-4bdd-9705-ec04d40e62c2)
[2026-02-17T06:51:23.697Z] [rent.py]     raise head_call_error
[2026-02-17T06:51:23.697Z] [rent.py]     raise _format(RepositoryNotFoundError, message, response) from e
[2026-02-17T06:51:23.697Z] [rent.py]   File "/usr/local/lib/python3.10/dist-packages/huggingface_hub/file_download.py", line 1812, in _raise_on_head_call_error
[2026-02-17T06:51:23.697Z] [rent.py]   File "/usr/local/lib/python3.10/dist-packages/huggingface_hub/utils/_http.py", line 710, in hf_raise_for_status
[2026-02-17T06:51:23.697Z] [rent.py]     _raise_on_head_call_error(head_call_error, force_download, local_files_only)
[2026-02-17T06:51:23.697Z] [rent.py]     hf_raise_for_status(response)
[2026-02-17T06:51:23.697Z] [rent.py]   File "/usr/local/lib/python3.10/dist-packages/huggingface_hub/file_download.py", line 1183, in _hf_hub_download_to_cache_dir
[2026-02-17T06:51:23.697Z] [rent.py]     return fn(*args, **kwargs)
[2026-02-17T06:51:23.697Z] [rent.py]   File "/usr/local/lib/python3.10/dist-packages/huggingface_hub/file_download.py", line 309, in _httpx_follow_relative_redirects
[2026-02-17T06:52:02.518Z] [rent.py] If you are trying to access a private or gated repo, make sure you are authenticated. For more details, see https://huggingface.co/docs/huggingface_hub/authentication
[2026-02-17T06:52:02.518Z] [rent.py] Traceback (most recent call last):
[2026-02-17T06:52:02.518Z] [rent.py]   File "/opt/trellis2/src/trellis2/modules/sparse/attention/full_attn.py", line 247
[2026-02-17T06:52:02.518Z] [rent.py]   File "/usr/local/lib/python3.10/dist-packages/huggingface_hub/utils/_http.py", line 657, in hf_raise_for_status
[2026-02-17T06:52:02.518Z] [rent.py]     else:
[2026-02-17T06:52:02.518Z] [rent.py]   File "/opt/trellis2/src/trellis2/modules/sparse/transformer/blocks.py", line 7, in <module>
[2026-02-17T06:52:02.518Z] [rent.py]     response.raise_for_status()
[2026-02-17T06:52:02.518Z] [rent.py]     ^^^^
[2026-02-17T06:52:02.518Z] [rent.py]     from ..attention import SparseMultiHeadAttention
[2026-02-17T06:52:02.518Z] [rent.py] SyntaxError: invalid syntax
[2026-02-17T06:52:02.518Z] [rent.py]   File "/opt/trellis2/src/trellis2/modules/sparse/attention/__init__.py", line 1, in <module>
[2026-02-17T06:52:02.518Z] [rent.py]     _models[k] = models.from_pretrained(v)
[2026-02-17T06:52:02.518Z] [rent.py] During handling of the above exception, another exception occurred:
[2026-02-17T06:52:02.518Z] [rent.py]     from .full_attn import *
[2026-02-17T06:52:02.518Z] [rent.py]   File "/opt/trellis2/src/trellis2/pipelines/base.py", line 46, in from_pretrained
[2026-02-17T06:52:02.519Z] [rent.py]   File "/opt/trellis2/src/trellis2/models/__init__.py", line 60, in from_pretrained
[2026-02-17T06:52:02.519Z] [rent.py]   File "/usr/local/lib/python3.10/dist-packages/huggingface_hub/file_download.py", line 1183, in _hf_hub_download_to_cache_dir
[2026-02-17T06:52:02.518Z] [rent.py]     pipe = Pipeline.from_pretrained.__func__(Trellis2ImageTo3DPipeline, model_id, "pipeline.json")  # type: ignore[attr-defined]
[2026-02-17T06:52:02.519Z] [rent.py]     return _hf_hub_download_to_cache_dir(
[2026-02-17T06:52:02.519Z] [rent.py]     _raise_on_head_call_error(head_call_error, force_download, local_files_only)
[2026-02-17T06:52:02.519Z] [rent.py]   File "/usr/local/lib/python3.10/dist-packages/huggingface_hub/file_download.py", line 1032, in hf_hub_download
[2026-02-17T06:52:02.519Z] [rent.py]   File "/usr/local/lib/python3.10/dist-packages/huggingface_hub/file_download.py", line 1699, in _get_metadata_or_catch_error
[2026-02-17T06:52:02.518Z] [rent.py]     pipe = _build_pipeline_with_rembg_override(model_id)
[2026-02-17T06:52:02.519Z] [rent.py]     return fn(*args, **kwargs)
[2026-02-17T06:52:02.519Z] [rent.py]     raise head_call_error
[2026-02-17T06:52:02.519Z] [rent.py]   File "/usr/local/lib/python3.10/dist-packages/huggingface_hub/utils/_validators.py", line 89, in _inner_fn
[2026-02-17T06:52:02.519Z] [rent.py]   File "/usr/local/lib/python3.10/dist-packages/huggingface_hub/file_download.py", line 1812, in _raise_on_head_call_error
[2026-02-17T06:52:02.518Z] [rent.py]   File "/app/worker.py", line 1026, in _build_pipeline_with_rembg_override
[2026-02-17T06:52:02.519Z] [rent.py]     config_file = hf_hub_download(repo_id, f"{model_name}.json")
[2026-02-17T06:52:02.519Z] [rent.py]     metadata = get_hf_file_metadata(
[2026-02-17T06:52:02.518Z] [rent.py]     raise HTTPStatusError(message, request=request, response=self)
[2026-02-17T06:52:02.518Z] [rent.py]     _get_pipeline(deadline=deadline)
[2026-02-17T06:52:02.519Z] [rent.py] Logs on fail: ERROR: fetching logs URL failed: Failed to fetch URL: 403 Client Error: Forbidden for url: https://s3.amazonaws.com/public.vast.ai/instance_logs/6c5ce9b0b581f2df30e4232a9870bc5a1a866847755468cd8ebeb0ff34c0b6bd.log (url=https://s3.amazonaws.com/public.vast.ai/instance_logs/6c5ce9b0b581f2df30e4232a9870bc5a1a866847755468cd8ebeb0ff34c0b6bd.log)
[2026-02-17T06:52:02.518Z] [rent.py]   File "/app/worker.py", line 1128, in _get_pipeline
[2026-02-17T06:52:02.519Z] [rent.py] If you are trying to access a private or gated repo, make sure you are authenticated. For more details, see https://huggingface.co/docs/huggingface_hub/authentication Probe stats: attempts=39, http_200=39, http_non200=0, errors=0, ready_true=0.
[2026-02-17T06:52:02.518Z] [rent.py] httpx.HTTPStatusError: Client error '404 Not Found' for url 'https://huggingface.co/ckpts/slat_flow_img2shape_dit_1_3B_512_bf16/resolve/main/.json'
[2026-02-17T06:52:02.519Z] [rent.py] Please make sure you specified the correct `repo_id` and `repo_type`.
[2026-02-17T06:52:02.518Z] [rent.py] For more information check: https://developer.mozilla.org/en-US/docs/Web/HTTP/Status/404
[2026-02-17T06:52:02.518Z] [rent.py]   File "/usr/local/lib/python3.10/dist-packages/httpx/_models.py", line 829, in raise_for_status
[2026-02-17T06:52:02.519Z] [rent.py] Repository Not Found for url: https://huggingface.co/ckpts/slat_flow_img2shape_dit_1_3B_512_bf16/resolve/main/.json.
[2026-02-17T06:52:02.518Z] [rent.py] The above exception was the direct cause of the following exception:
[2026-02-17T06:52:02.518Z] [rent.py] /ready reported worker error.
[2026-02-17T06:52:02.519Z] [rent.py] huggingface_hub.errors.RepositoryNotFoundError: 404 Client Error. (Request ID: Root=1-69940fe9-56b072462d24d2693ad62778;34d14cb1-50e2-4bdd-9705-ec04d40e62c2)
[2026-02-17T06:52:02.518Z] [rent.py] Traceback (most recent call last):
[2026-02-17T06:52:02.519Z] [rent.py]     raise _format(RepositoryNotFoundError, message, response) from e
[2026-02-17T06:52:02.518Z] [rent.py] former import ModulatedSparseTransformerCrossBlock
[2026-02-17T06:52:02.519Z] [rent.py]   File "/usr/local/lib/python3.10/dist-packages/huggingface_hub/utils/_http.py", line 710, in hf_raise_for_status
[2026-02-17T06:52:02.518Z] [rent.py]   File "/app/worker.py", line 1338, in _preload_worker_inner
[2026-02-17T06:52:02.518Z] [rent.py]   File "/opt/trellis2/src/trellis2/modules/sparse/transformer/__init__.py", line 1, in <module>
[2026-02-17T06:52:02.519Z] [rent.py]     hf_raise_for_status(response)
[2026-02-17T06:52:02.519Z] [rent.py] {"error_code": "startup_failed", "summary": "/ready reported worker error. former import ModulatedSparseTransformerCrossBlock File \"/opt/trellis2/src/trellis2/modules/sparse/transformer/__init__.py\", line 1, in <module> from .blocks import * File \"/opt/trellis2/src/trellis2/modules/sparse/transformer/blocks.py\", line 7, in <module> from ..atte..."}
[2026-02-17T06:52:02.518Z] [rent.py]     from .blocks import *
[2026-02-17T06:52:02.519Z] [rent.py]   File "/usr/local/lib/python3.10/dist-packages/huggingface_hub/file_download.py", line 309, in _httpx_follow_relative_redirects
[2026-02-17T06:52:02.519Z] [rent.py]   File "/usr/local/lib/python3.10/dist-packages/huggingface_hub/file_download.py", line 1622, in get_hf_file_metadata
[2026-02-17T06:52:02.519Z] [rent.py]     return fn(*args, **kwargs)
[2026-02-17T06:52:02.519Z] [rent.py]     response = _httpx_follow_relative_redirects(
[2026-02-17T06:52:02.519Z] [rent.py]   File "/usr/local/lib/python3.10/dist-packages/huggingface_hub/utils/_validators.py", line 89, in _inner_fn
[2026-02-17T06:52:02.650Z] [worker] start error: Worker failed to start. Try again.
[2026-02-17T06:52:02.954Z] [rent.py destroy] Using Docker image: kngsly/trellis2-worker:sha-89cc231 (source: --image)
[2026-02-17T06:52:02.954Z] [rent.py destroy] Destroying instance 31545794...
[2026-02-17T06:52:02.954Z] [rent.py destroy] Destroy failed (check ID or API).
[2026-02-17T06:52:02.998Z] [worker] failed to destroy leaked instance (#31545794) after startup failure (exit=0)
